#
# There is insufficient memory for the Java Runtime Environment to continue.
# Native memory allocation (malloc) failed to allocate 1624976 bytes for Chunk::new
# Possible reasons:
#   The system is out of physical RAM or swap space
#   The process is running with CompressedOops enabled, and the Java Heap may be blocking the growth of the native heap
# Possible solutions:
#   Reduce memory load on the system
#   Increase physical memory or swap space
#   Check if swap backing store is full
#   Decrease Java heap size (-Xmx/-Xms)
#   Decrease number of Java threads
#   Decrease Java thread stack sizes (-Xss)
#   Set larger code cache with -XX:ReservedCodeCacheSize=
#   JVM is running with Zero Based Compressed Oops mode in which the Java heap is
#     placed in the first 32GB address space. The Java Heap base address is the
#     maximum limit for the native heap growth. Please use -XX:HeapBaseMinAddress
#     to set the Java Heap base and to place the Java Heap above 32GB virtual address.
# This output file may be truncated or incomplete.
#
#  Out of Memory Error (arena.cpp:189), pid=26840, tid=18500
#
# JRE version: Java(TM) SE Runtime Environment (17.0.10+11) (build 17.0.10+11-LTS-240)
# Java VM: Java HotSpot(TM) 64-Bit Server VM (17.0.10+11-LTS-240, mixed mode, sharing, tiered, compressed oops, compressed class ptrs, g1 gc, windows-amd64)
# No core dump will be written. Minidumps are not enabled by default on client versions of Windows
#

---------------  S U M M A R Y ------------

Command Line: -javaagent:C:\Program Files\JetBrains\IntelliJ IDEA Community Edition 2020.3.2\lib\idea_rt.jar=51767:C:\Program Files\JetBrains\IntelliJ IDEA Community Edition 2020.3.2\bin -Dfile.encoding=UTF-8 com.kindergarten.kindergarten.KindergartenApplication

Host: 11th Gen Intel(R) Core(TM) i7-1165G7 @ 2.80GHz, 8 cores, 15G,  Windows 10 , 64 bit Build 19041 (10.0.19041.3636)
Time: Mon May  6 19:44:42 2024 FLE Daylight Time elapsed time: 17.033684 seconds (0d 0h 0m 17s)

---------------  T H R E A D  ---------------

Current thread (0x0000021766bec530):  JavaThread "C2 CompilerThread1" daemon [_thread_in_native, id=18500, stack(0x000000d975b00000,0x000000d975c00000)]


Current CompileTask:
C2:  17034 5628   !   4       org.springframework.core.annotation.AnnotationsScanner::processMethodHierarchy (276 bytes)

Stack: [0x000000d975b00000,0x000000d975c00000]
Native frames: (J=compiled Java code, j=interpreted, Vv=VM code, C=native code)
V  [jvm.dll+0x677a5a]
V  [jvm.dll+0x7d8b2d]
V  [jvm.dll+0x7da48e]
V  [jvm.dll+0x7daaf3]
V  [jvm.dll+0x2455ff]
V  [jvm.dll+0xaaafb]
V  [jvm.dll+0xab09c]
V  [jvm.dll+0x361b5f]
V  [jvm.dll+0x32c211]
V  [jvm.dll+0x32b6aa]
V  [jvm.dll+0x21794f]
V  [jvm.dll+0x216d81]
V  [jvm.dll+0x1a3410]
V  [jvm.dll+0x226aeb]
V  [jvm.dll+0x224cab]
V  [jvm.dll+0x78e45c]
V  [jvm.dll+0x78888a]
V  [jvm.dll+0x676935]
C  [ucrtbase.dll+0x21bb2]
C  [KERNEL32.DLL+0x17344]
C  [ntdll.dll+0x526b1]


---------------  P R O C E S S  ---------------

Threads class SMR info:
_java_thread_list=0x00000217672806b0, length=22, elements={
0x000002177d7fb5a0, 0x00000217205855f0, 0x00000217205860c0, 0x000002172059ef00,
0x00000217205a18e0, 0x00000217205a69a0, 0x00000217205ab280, 0x00000217205cbb60,
0x00000217205d61d0, 0x00000217205d8700, 0x000002177f8c0ae0, 0x00000217661f8980,
0x00000217661f8e60, 0x0000021766a01800, 0x00000217669fd630, 0x000002176860a570,
0x000002176860aa80, 0x000002176860af90, 0x000002176860d300, 0x000002176860a060,
0x0000021766bec530, 0x0000021766bef500
}

Java Threads: ( => current thread )
  0x000002177d7fb5a0 JavaThread "main" [_thread_blocked, id=28700, stack(0x000000d974a00000,0x000000d974b00000)]
  0x00000217205855f0 JavaThread "Reference Handler" daemon [_thread_blocked, id=14912, stack(0x000000d975100000,0x000000d975200000)]
  0x00000217205860c0 JavaThread "Finalizer" daemon [_thread_blocked, id=18280, stack(0x000000d975200000,0x000000d975300000)]
  0x000002172059ef00 JavaThread "Signal Dispatcher" daemon [_thread_blocked, id=14920, stack(0x000000d975300000,0x000000d975400000)]
  0x00000217205a18e0 JavaThread "Attach Listener" daemon [_thread_blocked, id=27512, stack(0x000000d975400000,0x000000d975500000)]
  0x00000217205a69a0 JavaThread "Service Thread" daemon [_thread_blocked, id=26936, stack(0x000000d975500000,0x000000d975600000)]
  0x00000217205ab280 JavaThread "Monitor Deflation Thread" daemon [_thread_blocked, id=29364, stack(0x000000d975600000,0x000000d975700000)]
  0x00000217205cbb60 JavaThread "C2 CompilerThread0" daemon [_thread_in_native, id=26984, stack(0x000000d975700000,0x000000d975800000)]
  0x00000217205d61d0 JavaThread "C1 CompilerThread0" daemon [_thread_blocked, id=29668, stack(0x000000d975800000,0x000000d975900000)]
  0x00000217205d8700 JavaThread "Sweeper thread" daemon [_thread_blocked, id=29832, stack(0x000000d975900000,0x000000d975a00000)]
  0x000002177f8c0ae0 JavaThread "Common-Cleaner" daemon [_thread_blocked, id=22672, stack(0x000000d975a00000,0x000000d975b00000)]
  0x00000217661f8980 JavaThread "Monitor Ctrl-Break" daemon [_thread_in_native, id=30428, stack(0x000000d975c00000,0x000000d975d00000)]
  0x00000217661f8e60 JavaThread "Notification Thread" daemon [_thread_blocked, id=24468, stack(0x000000d975d00000,0x000000d975e00000)]
  0x0000021766a01800 JavaThread "Thread-0" [_thread_blocked, id=24912, stack(0x000000d976600000,0x000000d976700000)]
  0x00000217669fd630 JavaThread "restartedMain" [_thread_in_vm, id=29028, stack(0x000000d976700000,0x000000d976800000)]
  0x000002176860a570 JavaThread "Catalina-utility-1" [_thread_blocked, id=11800, stack(0x000000d976a00000,0x000000d976b00000)]
  0x000002176860aa80 JavaThread "Catalina-utility-2" [_thread_blocked, id=3148, stack(0x000000d976b00000,0x000000d976c00000)]
  0x000002176860af90 JavaThread "container-0" [_thread_blocked, id=14192, stack(0x000000d976c00000,0x000000d976d00000)]
  0x000002176860d300 JavaThread "PostgreSQL-JDBC-Cleaner" daemon [_thread_blocked, id=25292, stack(0x000000d976e00000,0x000000d976f00000)]
  0x000002176860a060 JavaThread "HikariPool-1 housekeeper" daemon [_thread_blocked, id=7756, stack(0x000000d976f00000,0x000000d977000000)]
=>0x0000021766bec530 JavaThread "C2 CompilerThread1" daemon [_thread_in_native, id=18500, stack(0x000000d975b00000,0x000000d975c00000)]
  0x0000021766bef500 JavaThread "C2 CompilerThread2" daemon [_thread_in_native, id=23668, stack(0x000000d976900000,0x000000d976a00000)]

Other Threads:
  0x000002177f8ce670 VMThread "VM Thread" [stack: 0x000000d975000000,0x000000d975100000] [id=27644]
  0x00000217661f8460 WatcherThread [stack: 0x000000d975e00000,0x000000d975f00000] [id=14884]
  0x000002177d864900 GCTaskThread "GC Thread#0" [stack: 0x000000d974b00000,0x000000d974c00000] [id=27916]
  0x00000217669a9fa0 GCTaskThread "GC Thread#1" [stack: 0x000000d975f00000,0x000000d976000000] [id=26020]
  0x00000217667f37a0 GCTaskThread "GC Thread#2" [stack: 0x000000d976000000,0x000000d976100000] [id=27052]
  0x00000217667f3a60 GCTaskThread "GC Thread#3" [stack: 0x000000d976100000,0x000000d976200000] [id=21276]
  0x00000217667f41a0 GCTaskThread "GC Thread#4" [stack: 0x000000d976200000,0x000000d976300000] [id=30280]
  0x00000217667f48e0 GCTaskThread "GC Thread#5" [stack: 0x000000d976300000,0x000000d976400000] [id=12276]
  0x00000217669373d0 GCTaskThread "GC Thread#6" [stack: 0x000000d976400000,0x000000d976500000] [id=27700]
  0x0000021766937690 GCTaskThread "GC Thread#7" [stack: 0x000000d976500000,0x000000d976600000] [id=3728]
  0x000002177d876750 ConcurrentGCThread "G1 Main Marker" [stack: 0x000000d974c00000,0x000000d974d00000] [id=9676]
  0x000002177d877810 ConcurrentGCThread "G1 Conc#0" [stack: 0x000000d974d00000,0x000000d974e00000] [id=27988]
  0x0000021767c55560 ConcurrentGCThread "G1 Conc#1" [stack: 0x000000d976800000,0x000000d976900000] [id=29768]
  0x000002177d8b4150 ConcurrentGCThread "G1 Refine#0" [stack: 0x000000d974e00000,0x000000d974f00000] [id=29232]
  0x000002177d8b4a90 ConcurrentGCThread "G1 Service" [stack: 0x000000d974f00000,0x000000d975000000] [id=28300]

Threads with active compile tasks:
C2 CompilerThread0    17183 5657       4       org.springframework.beans.factory.support.AbstractBeanFactory::isTypeMatch (745 bytes)
C2 CompilerThread1    17183 5628   !   4       org.springframework.core.annotation.AnnotationsScanner::processMethodHierarchy (276 bytes)
C2 CompilerThread2    17183 5585       4       org.springframework.core.annotation.AnnotationsScanner::getBaseTypeMethods (123 bytes)

VM state: not at safepoint (normal execution)

VM Mutex/Monitor currently owned by a thread: None

Heap address: 0x0000000704e00000, size: 4018 MB, Compressed Oops mode: Zero based, Oop shift amount: 3

CDS archive(s) mapped at: [0x0000021721000000-0x0000021721bd0000-0x0000021721bd0000), size 12386304, SharedBaseAddress: 0x0000021721000000, ArchiveRelocationMode: 1.
Compressed class space mapped at: 0x0000021722000000-0x0000021762000000, reserved size: 1073741824
Narrow klass base: 0x0000021721000000, Narrow klass shift: 0, Narrow klass range: 0x100000000

GC Precious Log:
 CPUs: 8 total, 8 available
 Memory: 16064M
 Large Page Support: Disabled
 NUMA Support: Disabled
 Compressed Oops: Enabled (Zero based)
 Heap Region Size: 2M
 Heap Min Capacity: 8M
 Heap Initial Capacity: 252M
 Heap Max Capacity: 4018M
 Pre-touch: Disabled
 Parallel Workers: 8
 Concurrent Workers: 2
 Concurrent Refinement Workers: 8
 Periodic GC: Disabled

Heap:
 garbage-first heap   total 61440K, used 29156K [0x0000000704e00000, 0x0000000800000000)
  region size 2048K, 3 young (6144K), 2 survivors (4096K)
 Metaspace       used 61927K, committed 62528K, reserved 1114112K
  class space    used 8594K, committed 8896K, reserved 1048576K

Heap Regions: E=young(eden), S=young(survivor), O=old, HS=humongous(starts), HC=humongous(continues), CS=collection set, F=free, OA=open archive, CA=closed archive, TAMS=top-at-mark-start (previous, next)
|   0|0x0000000704e00000, 0x0000000705000000, 0x0000000705000000|100%| O|  |TAMS 0x0000000705000000, 0x0000000704e00000| Untracked 
|   1|0x0000000705000000, 0x0000000705200000, 0x0000000705200000|100%| O|  |TAMS 0x0000000705200000, 0x0000000705000000| Untracked 
|   2|0x0000000705200000, 0x0000000705400000, 0x0000000705400000|100%| O|  |TAMS 0x0000000705400000, 0x0000000705200000| Untracked 
|   3|0x0000000705400000, 0x0000000705600000, 0x0000000705600000|100%| O|  |TAMS 0x0000000705600000, 0x0000000705400000| Untracked 
|   4|0x0000000705600000, 0x0000000705800000, 0x0000000705800000|100%| O|  |TAMS 0x0000000705800000, 0x0000000705600000| Untracked 
|   5|0x0000000705800000, 0x0000000705a00000, 0x0000000705a00000|100%| O|  |TAMS 0x0000000705a00000, 0x0000000705800000| Untracked 
|   6|0x0000000705a00000, 0x0000000705c00000, 0x0000000705c00000|100%| O|  |TAMS 0x0000000705c00000, 0x0000000705a00000| Untracked 
|   7|0x0000000705c00000, 0x0000000705e00000, 0x0000000705e00000|100%| O|  |TAMS 0x0000000705e00000, 0x0000000705c00000| Untracked 
|   8|0x0000000705e00000, 0x0000000706000000, 0x0000000706000000|100%| O|  |TAMS 0x0000000706000000, 0x0000000705e00000| Untracked 
|   9|0x0000000706000000, 0x0000000706200000, 0x0000000706200000|100%| O|  |TAMS 0x0000000706200000, 0x0000000706000000| Untracked 
|  10|0x0000000706200000, 0x0000000706400000, 0x0000000706400000|100%| O|  |TAMS 0x0000000706400000, 0x0000000706200000| Untracked 
|  11|0x0000000706400000, 0x0000000706600000, 0x0000000706600000|100%| O|  |TAMS 0x00000007064a6200, 0x0000000706400000| Untracked 
|  12|0x0000000706600000, 0x000000070678f400, 0x0000000706800000| 77%| O|  |TAMS 0x0000000706600000, 0x0000000706600000| Untracked 
|  13|0x0000000706800000, 0x0000000706800000, 0x0000000706a00000|  0%| F|  |TAMS 0x0000000706800000, 0x0000000706800000| Untracked 
|  14|0x0000000706a00000, 0x0000000706a00000, 0x0000000706c00000|  0%| F|  |TAMS 0x0000000706a00000, 0x0000000706a00000| Untracked 
|  15|0x0000000706c00000, 0x0000000706c00000, 0x0000000706e00000|  0%| F|  |TAMS 0x0000000706c00000, 0x0000000706c00000| Untracked 
|  16|0x0000000706e00000, 0x0000000706e00000, 0x0000000707000000|  0%| F|  |TAMS 0x0000000706e00000, 0x0000000706e00000| Untracked 
|  17|0x0000000707000000, 0x00000007070e9e20, 0x0000000707200000| 45%| S|CS|TAMS 0x0000000707000000, 0x0000000707000000| Complete 
|  18|0x0000000707200000, 0x0000000707400000, 0x0000000707400000|100%| S|CS|TAMS 0x0000000707200000, 0x0000000707200000| Complete 
|  19|0x0000000707400000, 0x0000000707400000, 0x0000000707600000|  0%| F|  |TAMS 0x0000000707400000, 0x0000000707400000| Untracked 
|  20|0x0000000707600000, 0x0000000707600000, 0x0000000707800000|  0%| F|  |TAMS 0x0000000707600000, 0x0000000707600000| Untracked 
|  21|0x0000000707800000, 0x0000000707800000, 0x0000000707a00000|  0%| F|  |TAMS 0x0000000707800000, 0x0000000707800000| Untracked 
|  22|0x0000000707a00000, 0x0000000707a00000, 0x0000000707c00000|  0%| F|  |TAMS 0x0000000707a00000, 0x0000000707a00000| Untracked 
|  23|0x0000000707c00000, 0x0000000707c00000, 0x0000000707e00000|  0%| F|  |TAMS 0x0000000707c00000, 0x0000000707c00000| Untracked 
|  24|0x0000000707e00000, 0x0000000707e00000, 0x0000000708000000|  0%| F|  |TAMS 0x0000000707e00000, 0x0000000707e00000| Untracked 
|  91|0x0000000710400000, 0x0000000710400000, 0x0000000710600000|  0%| F|  |TAMS 0x0000000710400000, 0x0000000710400000| Untracked 
|  92|0x0000000710600000, 0x0000000710600000, 0x0000000710800000|  0%| F|  |TAMS 0x0000000710600000, 0x0000000710600000| Untracked 
|  93|0x0000000710800000, 0x0000000710800000, 0x0000000710a00000|  0%| F|  |TAMS 0x0000000710800000, 0x0000000710800000| Untracked 
|  94|0x0000000710a00000, 0x0000000710a00000, 0x0000000710c00000|  0%| F|  |TAMS 0x0000000710a00000, 0x0000000710a00000| Untracked 
| 125|0x0000000714800000, 0x000000071485a9d0, 0x0000000714a00000| 17%| E|  |TAMS 0x0000000714800000, 0x0000000714800000| Complete 

Card table byte_map: [0x000002177e3e0000,0x000002177ebc0000] _byte_map_base: 0x000002177abb9000

Marking Bits (Prev, Next): (CMBitMap*) 0x000002177d866280, (CMBitMap*) 0x000002177d866240
 Prev Bits: [0x000002171a6b0000, 0x000002171e578000)
 Next Bits: [0x00000217167e0000, 0x000002171a6a8000)

Polling page: 0x000002177cfc0000

Metaspace:

Usage:
  Non-class:     52.09 MB used.
      Class:      8.39 MB used.
       Both:     60.48 MB used.

Virtual space:
  Non-class space:       64.00 MB reserved,      52.38 MB ( 82%) committed,  1 nodes.
      Class space:        1.00 GB reserved,       8.69 MB ( <1%) committed,  1 nodes.
             Both:        1.06 GB reserved,      61.06 MB (  6%) committed. 

Chunk freelists:
   Non-Class:  11.47 MB
       Class:  7.23 MB
        Both:  18.70 MB

MaxMetaspaceSize: unlimited
CompressedClassSpaceSize: 1.00 GB
Initial GC threshold: 21.00 MB
Current GC threshold: 98.56 MB
CDS: on
MetaspaceReclaimPolicy: balanced
 - commit_granule_bytes: 65536.
 - commit_granule_words: 8192.
 - virtual_space_node_default_size: 8388608.
 - enlarge_chunks_in_place: 1.
 - new_chunks_are_fully_committed: 0.
 - uncommit_free_chunks: 1.
 - use_allocation_guard: 0.
 - handle_deallocations: 1.


Internal statistics:

num_allocs_failed_limit: 9.
num_arena_births: 736.
num_arena_deaths: 0.
num_vsnodes_births: 2.
num_vsnodes_deaths: 0.
num_space_committed: 977.
num_space_uncommitted: 0.
num_chunks_returned_to_freelist: 9.
num_chunks_taken_from_freelist: 3032.
num_chunk_merges: 6.
num_chunk_splits: 2169.
num_chunks_enlarged: 1714.
num_inconsistent_stats: 0.

CodeHeap 'non-profiled nmethods': size=120000Kb used=3453Kb max_used=3453Kb free=116546Kb
 bounds [0x000002170f2b0000, 0x000002170f620000, 0x00000217167e0000]
CodeHeap 'profiled nmethods': size=120000Kb used=9368Kb max_used=9607Kb free=110631Kb
 bounds [0x00000217077e0000, 0x0000021708150000, 0x000002170ed10000]
CodeHeap 'non-nmethods': size=5760Kb used=1339Kb max_used=1397Kb free=4420Kb
 bounds [0x000002170ed10000, 0x000002170ef80000, 0x000002170f2b0000]
 total_blobs=5653 nmethods=4995 adapters=570
 compilation: enabled
              stopped_count=0, restarted_count=0
 full_count=0

Compilation events (20 events):
Event: 16.825 Thread 0x00000217205d61d0 nmethod 5765 0x000002170f423390 code [0x000002170f423520, 0x000002170f4235f8]
Event: 16.831 Thread 0x0000021766bef500 5722       4       java.util.concurrent.ConcurrentHashMap::get (162 bytes)
Event: 16.836 Thread 0x00000217205cbb60 nmethod 5646 0x000002170f3aeb90 code [0x000002170f3aee80, 0x000002170f3b0358]
Event: 16.837 Thread 0x00000217205cbb60 5657       4       org.springframework.beans.factory.support.AbstractBeanFactory::isTypeMatch (745 bytes)
Event: 16.845 Thread 0x0000021766bef500 nmethod 5722 0x000002170f422b90 code [0x000002170f422d40, 0x000002170f4230a8]
Event: 16.845 Thread 0x00000217205d61d0 5766       3       org.springframework.beans.support.ResourceEditorRegistrar::doRegisterEditor (32 bytes)
Event: 16.845 Thread 0x0000021766bef500 5552       4       org.springframework.core.annotation.TypeMappedAnnotations::get (52 bytes)
Event: 16.846 Thread 0x00000217205d61d0 nmethod 5766 0x00000217078b9790 code [0x00000217078b9980, 0x00000217078ba1d8]
Event: 16.849 Thread 0x00000217205d61d0 5767       2       org.springframework.beans.factory.support.AbstractAutowireCapableBeanFactory::applyBeanPostProcessorsAfterInitialization (61 bytes)
Event: 16.850 Thread 0x00000217205d61d0 nmethod 5767 0x00000217078b9190 code [0x00000217078b9360, 0x00000217078b9638]
Event: 16.851 Thread 0x00000217205d61d0 5769   !   3       org.springframework.beans.factory.support.DefaultSingletonBeanRegistry::getSingleton (147 bytes)
Event: 16.854 Thread 0x00000217205d61d0 nmethod 5769 0x00000217078b7c90 code [0x00000217078b7f00, 0x00000217078b8c88]
Event: 16.873 Thread 0x00000217205d61d0 5771       2       java.lang.reflect.Method::acquireMethodAccessor (44 bytes)
Event: 16.874 Thread 0x00000217205d61d0 nmethod 5771 0x00000217078b7610 code [0x00000217078b77e0, 0x00000217078b7b38]
Event: 16.883 Thread 0x0000021766bef500 nmethod 5552 0x000002170f3add90 code [0x000002170f3adf60, 0x000002170f3ae628]
Event: 16.883 Thread 0x0000021766bef500 5749       4       java.util.HashSet::iterator (13 bytes)
Event: 16.910 Thread 0x0000021766bef500 nmethod 5749 0x000002170f3ad190 code [0x000002170f3ad340, 0x000002170f3ada58]
Event: 16.910 Thread 0x0000021766bef500 5585       4       org.springframework.core.annotation.AnnotationsScanner::getBaseTypeMethods (123 bytes)
Event: 17.007 Thread 0x00000217205d61d0 5772       2       org.springframework.boot.web.servlet.context.WebApplicationContextServletContextAwareProcessor::getServletConfig (23 bytes)
Event: 17.008 Thread 0x00000217205d61d0 nmethod 5772 0x00000217078b7290 code [0x00000217078b7420, 0x00000217078b7568]

GC Heap History (20 events):
Event: 5.992 GC heap before
{Heap before GC invocations=4 (full 0):
 garbage-first heap   total 61440K, used 42346K [0x0000000704e00000, 0x0000000800000000)
  region size 2048K, 18 young (36864K), 4 survivors (8192K)
 Metaspace       used 25590K, committed 25984K, reserved 1114112K
  class space    used 3313K, committed 3520K, reserved 1048576K
}
Event: 6.016 GC heap after
{Heap after GC invocations=5 (full 0):
 garbage-first heap   total 61440K, used 15728K [0x0000000704e00000, 0x0000000800000000)
  region size 2048K, 2 young (4096K), 2 survivors (4096K)
 Metaspace       used 25590K, committed 25984K, reserved 1114112K
  class space    used 3313K, committed 3520K, reserved 1048576K
}
Event: 6.145 GC heap before
{Heap before GC invocations=5 (full 0):
 garbage-first heap   total 61440K, used 17776K [0x0000000704e00000, 0x0000000800000000)
  region size 2048K, 3 young (6144K), 2 survivors (4096K)
 Metaspace       used 25858K, committed 26240K, reserved 1114112K
  class space    used 3346K, committed 3520K, reserved 1048576K
}
Event: 6.154 GC heap after
{Heap after GC invocations=6 (full 0):
 garbage-first heap   total 61440K, used 16657K [0x0000000704e00000, 0x0000000800000000)
  region size 2048K, 1 young (2048K), 1 survivors (2048K)
 Metaspace       used 25858K, committed 26240K, reserved 1114112K
  class space    used 3346K, committed 3520K, reserved 1048576K
}
Event: 7.334 GC heap before
{Heap before GC invocations=6 (full 0):
 garbage-first heap   total 61440K, used 39185K [0x0000000704e00000, 0x0000000800000000)
  region size 2048K, 12 young (24576K), 1 survivors (2048K)
 Metaspace       used 29920K, committed 30272K, reserved 1114112K
  class space    used 3906K, committed 4096K, reserved 1048576K
}
Event: 7.340 GC heap after
{Heap after GC invocations=7 (full 0):
 garbage-first heap   total 61440K, used 18550K [0x0000000704e00000, 0x0000000800000000)
  region size 2048K, 2 young (4096K), 2 survivors (4096K)
 Metaspace       used 29920K, committed 30272K, reserved 1114112K
  class space    used 3906K, committed 4096K, reserved 1048576K
}
Event: 8.324 GC heap before
{Heap before GC invocations=7 (full 0):
 garbage-first heap   total 61440K, used 41078K [0x0000000704e00000, 0x0000000800000000)
  region size 2048K, 13 young (26624K), 2 survivors (4096K)
 Metaspace       used 33930K, committed 34304K, reserved 1114112K
  class space    used 4444K, committed 4608K, reserved 1048576K
}
Event: 8.331 GC heap after
{Heap after GC invocations=8 (full 0):
 garbage-first heap   total 61440K, used 19843K [0x0000000704e00000, 0x0000000800000000)
  region size 2048K, 1 young (2048K), 1 survivors (2048K)
 Metaspace       used 33930K, committed 34304K, reserved 1114112K
  class space    used 4444K, committed 4608K, reserved 1048576K
}
Event: 8.656 GC heap before
{Heap before GC invocations=8 (full 0):
 garbage-first heap   total 61440K, used 25987K [0x0000000704e00000, 0x0000000800000000)
  region size 2048K, 5 young (10240K), 1 survivors (2048K)
 Metaspace       used 35669K, committed 36096K, reserved 1114112K
  class space    used 4714K, committed 4928K, reserved 1048576K
}
Event: 8.660 GC heap after
{Heap after GC invocations=9 (full 0):
 garbage-first heap   total 61440K, used 20016K [0x0000000704e00000, 0x0000000800000000)
  region size 2048K, 1 young (2048K), 1 survivors (2048K)
 Metaspace       used 35669K, committed 36096K, reserved 1114112K
  class space    used 4714K, committed 4928K, reserved 1048576K
}
Event: 10.267 GC heap before
{Heap before GC invocations=10 (full 0):
 garbage-first heap   total 61440K, used 46640K [0x0000000704e00000, 0x0000000800000000)
  region size 2048K, 14 young (28672K), 1 survivors (2048K)
 Metaspace       used 42564K, committed 43008K, reserved 1114112K
  class space    used 5700K, committed 5888K, reserved 1048576K
}
Event: 10.272 GC heap after
{Heap after GC invocations=11 (full 0):
 garbage-first heap   total 61440K, used 21979K [0x0000000704e00000, 0x0000000800000000)
  region size 2048K, 2 young (4096K), 2 survivors (4096K)
 Metaspace       used 42564K, committed 43008K, reserved 1114112K
  class space    used 5700K, committed 5888K, reserved 1048576K
}
Event: 11.811 GC heap before
{Heap before GC invocations=11 (full 0):
 garbage-first heap   total 61440K, used 44507K [0x0000000704e00000, 0x0000000800000000)
  region size 2048K, 14 young (28672K), 2 survivors (4096K)
 Metaspace       used 49211K, committed 49664K, reserved 1114112K
  class space    used 6627K, committed 6848K, reserved 1048576K
}
Event: 11.819 GC heap after
{Heap after GC invocations=12 (full 0):
 garbage-first heap   total 61440K, used 23107K [0x0000000704e00000, 0x0000000800000000)
  region size 2048K, 2 young (4096K), 2 survivors (4096K)
 Metaspace       used 49211K, committed 49664K, reserved 1114112K
  class space    used 6627K, committed 6848K, reserved 1048576K
}
Event: 13.765 GC heap before
{Heap before GC invocations=12 (full 0):
 garbage-first heap   total 61440K, used 45635K [0x0000000704e00000, 0x0000000800000000)
  region size 2048K, 13 young (26624K), 2 survivors (4096K)
 Metaspace       used 54370K, committed 54912K, reserved 1114112K
  class space    used 7506K, committed 7744K, reserved 1048576K
}
Event: 13.772 GC heap after
{Heap after GC invocations=13 (full 0):
 garbage-first heap   total 61440K, used 24179K [0x0000000704e00000, 0x0000000800000000)
  region size 2048K, 2 young (4096K), 2 survivors (4096K)
 Metaspace       used 54370K, committed 54912K, reserved 1114112K
  class space    used 7506K, committed 7744K, reserved 1048576K
}
Event: 14.931 GC heap before
{Heap before GC invocations=13 (full 0):
 garbage-first heap   total 61440K, used 46707K [0x0000000704e00000, 0x0000000800000000)
  region size 2048K, 13 young (26624K), 2 survivors (4096K)
 Metaspace       used 58758K, committed 59264K, reserved 1114112K
  class space    used 8093K, committed 8320K, reserved 1048576K
}
Event: 14.940 GC heap after
{Heap after GC invocations=14 (full 0):
 garbage-first heap   total 61440K, used 26388K [0x0000000704e00000, 0x0000000800000000)
  region size 2048K, 2 young (4096K), 2 survivors (4096K)
 Metaspace       used 58758K, committed 59264K, reserved 1114112K
  class space    used 8093K, committed 8320K, reserved 1048576K
}
Event: 15.324 GC heap before
{Heap before GC invocations=14 (full 0):
 garbage-first heap   total 61440K, used 32532K [0x0000000704e00000, 0x0000000800000000)
  region size 2048K, 6 young (12288K), 2 survivors (4096K)
 Metaspace       used 59873K, committed 60416K, reserved 1114112K
  class space    used 8260K, committed 8512K, reserved 1048576K
}
Event: 15.334 GC heap after
{Heap after GC invocations=15 (full 0):
 garbage-first heap   total 61440K, used 27069K [0x0000000704e00000, 0x0000000800000000)
  region size 2048K, 1 young (2048K), 1 survivors (2048K)
 Metaspace       used 59873K, committed 60416K, reserved 1114112K
  class space    used 8260K, committed 8512K, reserved 1048576K
}

Deoptimization events (20 events):
Event: 16.131 Thread 0x00000217669fd630 Uncommon trap: trap_request=0xffffff45 fr.pc=0x000002170f386588 relative=0x00000000000010c8
Event: 16.131 Thread 0x00000217669fd630 Uncommon trap: reason=unstable_if action=reinterpret pc=0x000002170f386588 method=java.util.concurrent.ConcurrentHashMap.transfer([Ljava/util/concurrent/ConcurrentHashMap$Node;[Ljava/util/concurrent/ConcurrentHashMap$Node;)V @ 352 c2
Event: 16.131 Thread 0x00000217669fd630 DEOPT PACKING pc=0x000002170f386588 sp=0x000000d9767f92a0
Event: 16.131 Thread 0x00000217669fd630 DEOPT UNPACKING pc=0x000002170ed65ba3 sp=0x000000d9767f9208 mode 2
Event: 16.183 Thread 0x00000217669fd630 Uncommon trap: trap_request=0xffffffde fr.pc=0x000002170f49cf3c relative=0x00000000000002fc
Event: 16.183 Thread 0x00000217669fd630 Uncommon trap: reason=class_check action=maybe_recompile pc=0x000002170f49cf3c method=java.util.concurrent.ConcurrentHashMap.get(Ljava/lang/Object;)Ljava/lang/Object; @ 93 c2
Event: 16.183 Thread 0x00000217669fd630 DEOPT PACKING pc=0x000002170f49cf3c sp=0x000000d9767f9ea0
Event: 16.184 Thread 0x00000217669fd630 DEOPT UNPACKING pc=0x000002170ed65ba3 sp=0x000000d9767f9e08 mode 2
Event: 16.184 Thread 0x00000217669fd630 Uncommon trap: trap_request=0xffffffde fr.pc=0x000002170f49cf3c relative=0x00000000000002fc
Event: 16.184 Thread 0x00000217669fd630 Uncommon trap: reason=class_check action=maybe_recompile pc=0x000002170f49cf3c method=java.util.concurrent.ConcurrentHashMap.get(Ljava/lang/Object;)Ljava/lang/Object; @ 93 c2
Event: 16.184 Thread 0x00000217669fd630 DEOPT PACKING pc=0x000002170f49cf3c sp=0x000000d9767f9ea0
Event: 16.184 Thread 0x00000217669fd630 DEOPT UNPACKING pc=0x000002170ed65ba3 sp=0x000000d9767f9e08 mode 2
Event: 16.399 Thread 0x00000217669fd630 Uncommon trap: trap_request=0xffffff45 fr.pc=0x000002170f3c7f88 relative=0x00000000000000e8
Event: 16.399 Thread 0x00000217669fd630 Uncommon trap: reason=unstable_if action=reinterpret pc=0x000002170f3c7f88 method=org.springframework.util.ObjectUtils.nullSafeEquals(Ljava/lang/Object;Ljava/lang/Object;)Z @ 12 c2
Event: 16.399 Thread 0x00000217669fd630 DEOPT PACKING pc=0x000002170f3c7f88 sp=0x000000d9767fd580
Event: 16.400 Thread 0x00000217669fd630 DEOPT UNPACKING pc=0x000002170ed65ba3 sp=0x000000d9767fd520 mode 2
Event: 16.837 Thread 0x00000217669fd630 Uncommon trap: trap_request=0xffffff45 fr.pc=0x000002170f4c8dd0 relative=0x0000000000000d90
Event: 16.837 Thread 0x00000217669fd630 Uncommon trap: reason=unstable_if action=reinterpret pc=0x000002170f4c8dd0 method=org.springframework.beans.factory.support.DefaultSingletonBeanRegistry.getSingleton(Ljava/lang/String;Z)Ljava/lang/Object; @ 39 c2
Event: 16.838 Thread 0x00000217669fd630 DEOPT PACKING pc=0x000002170f4c8dd0 sp=0x000000d9767fd710
Event: 16.838 Thread 0x00000217669fd630 DEOPT UNPACKING pc=0x000002170ed65ba3 sp=0x000000d9767fd6a8 mode 2

Classes unloaded (0 events):
No events

Classes redefined (0 events):
No events

Internal exceptions (20 events):
Event: 14.335 Thread 0x00000217669fd630 Exception <a 'java/lang/IncompatibleClassChangeError'{0x0000000710535768}: Found class java.lang.Object, but interface was expected> (0x0000000710535768) 
thrown [s\open\src\hotspot\share\interpreter\linkResolver.cpp, line 826]
Event: 14.350 Thread 0x00000217669fd630 Exception <a 'java/lang/IncompatibleClassChangeError'{0x00000007105b4188}: Found class java.lang.Object, but interface was expected> (0x00000007105b4188) 
thrown [s\open\src\hotspot\share\interpreter\linkResolver.cpp, line 826]
Event: 14.412 Thread 0x00000217669fd630 Exception <a 'java/lang/IncompatibleClassChangeError'{0x0000000707f12180}: Found class java.lang.Object, but interface was expected> (0x0000000707f12180) 
thrown [s\open\src\hotspot\share\interpreter\linkResolver.cpp, line 826]
Event: 14.785 Thread 0x00000217669fd630 Exception <a 'java/lang/IncompatibleClassChangeError'{0x0000000707689760}: Found class java.lang.Object, but interface was expected> (0x0000000707689760) 
thrown [s\open\src\hotspot\share\interpreter\linkResolver.cpp, line 826]
Event: 14.881 Thread 0x00000217669fd630 Exception <a 'java/lang/reflect/InvocationTargetException'{0x00000007074cd350}> (0x00000007074cd350) 
thrown [s\open\src\hotspot\share\runtime\reflection.cpp, line 1121]
Event: 14.901 Thread 0x00000217669fd630 Exception <a 'java/lang/NoSuchMethodError'{0x0000000707531120}: 'int java.lang.invoke.DirectMethodHandle$Holder.invokeStatic(java.lang.Object, java.lang.Object, int)'> (0x0000000707531120) 
thrown [s\open\src\hotspot\share\interpreter\linkResolver.cpp, line 759]
Event: 14.916 Thread 0x00000217669fd630 Exception <a 'java/lang/IncompatibleClassChangeError'{0x00000007075765a0}: Found class java.lang.Object, but interface was expected> (0x00000007075765a0) 
thrown [s\open\src\hotspot\share\interpreter\linkResolver.cpp, line 826]
Event: 15.060 Thread 0x00000217669fd630 Exception <a 'java/lang/reflect/InvocationTargetException'{0x00000007149b4ec8}> (0x00000007149b4ec8) 
thrown [s\open\src\hotspot\share\runtime\reflection.cpp, line 1121]
Event: 15.102 Thread 0x00000217669fd630 Exception <a 'java/lang/reflect/InvocationTargetException'{0x0000000710b01ed0}> (0x0000000710b01ed0) 
thrown [s\open\src\hotspot\share\runtime\reflection.cpp, line 1121]
Event: 15.107 Thread 0x00000217669fd630 Exception <a 'java/lang/reflect/InvocationTargetException'{0x0000000710b11a20}> (0x0000000710b11a20) 
thrown [s\open\src\hotspot\share\runtime\reflection.cpp, line 1121]
Event: 15.218 Thread 0x00000217669fd630 Exception <a 'java/lang/NoSuchMethodError'{0x000000071099d718}: 'java.lang.Object java.lang.invoke.Invokers$Holder.invoker(java.lang.Object, java.lang.Object, java.lang.Object, java.lang.Object)'> (0x000000071099d718) 
thrown [s\open\src\hotspot\share\interpreter\linkResolver.cpp, line 759]
Event: 15.220 Thread 0x00000217669fd630 Exception <a 'java/lang/NoSuchMethodError'{0x00000007109a6d20}: 'int java.lang.invoke.DirectMethodHandle$Holder.invokeSpecial(java.lang.Object, java.lang.Object, java.lang.Object, int)'> (0x00000007109a6d20) 
thrown [s\open\src\hotspot\share\interpreter\linkResolver.cpp, line 759]
Event: 15.222 Thread 0x00000217669fd630 Exception <a 'java/lang/NoSuchMethodError'{0x00000007109b8ee8}: 'java.lang.Object java.lang.invoke.DirectMethodHandle$Holder.invokeStatic(java.lang.Object, java.lang.Object, java.lang.Object, java.lang.Object, int)'> (0x00000007109b8ee8) 
thrown [s\open\src\hotspot\share\interpreter\linkResolver.cpp, line 759]
Event: 15.223 Thread 0x00000217669fd630 Exception <a 'java/lang/NoSuchMethodError'{0x00000007109c3600}: 'void java.lang.invoke.DelegatingMethodHandle$Holder.reinvoke_L(java.lang.Object, java.lang.Object, int)'> (0x00000007109c3600) 
thrown [s\open\src\hotspot\share\interpreter\linkResolver.cpp, line 759]
Event: 15.224 Thread 0x00000217669fd630 Exception <a 'java/lang/NoSuchMethodError'{0x00000007109d1028}: 'java.lang.Object java.lang.invoke.Invokers$Holder.invokeExact_MT(java.lang.Object, java.lang.Object, java.lang.Object, java.lang.Object)'> (0x00000007109d1028) 
thrown [s\open\src\hotspot\share\interpreter\linkResolver.cpp, line 759]
Event: 15.323 Thread 0x00000217669fd630 Exception <a 'java/lang/NoSuchMethodError'{0x00000007106f2da0}: 'java.lang.Object java.lang.invoke.DirectMethodHandle$Holder.invokeInterface(java.lang.Object, java.lang.Object, java.lang.Object, java.lang.Object)'> (0x00000007106f2da0) 
thrown [s\open\src\hotspot\share\interpreter\linkResolver.cpp, line 759]
Event: 16.053 Thread 0x00000217669fd630 Exception <a 'sun/nio/fs/WindowsException'{0x0000000707f19bd0}> (0x0000000707f19bd0) 
thrown [s\open\src\hotspot\share\prims\jni.cpp, line 516]
Event: 16.265 Thread 0x00000217669fd630 Exception <a 'java/lang/IncompatibleClassChangeError'{0x0000000707a8c118}: Found class java.lang.Object, but interface was expected> (0x0000000707a8c118) 
thrown [s\open\src\hotspot\share\interpreter\linkResolver.cpp, line 826]
Event: 16.397 Thread 0x00000217669fd630 Implicit null exception at 0x000002170f3c7ebd to 0x000002170f3c7f76
Event: 16.539 Thread 0x00000217669fd630 Exception <a 'java/lang/NoSuchMethodError'{0x0000000707836618}: 'void java.lang.invoke.DirectMethodHandle$Holder.invokeVirtual(java.lang.Object, java.lang.Object, long)'> (0x0000000707836618) 
thrown [s\open\src\hotspot\share\interpreter\linkResolver.cpp, line 759]

VM Operations (20 events):
Event: 14.931 Executing VM operation: G1CollectForAllocation
Event: 14.940 Executing VM operation: G1CollectForAllocation done
Event: 15.324 Executing VM operation: CollectForMetadataAllocation
Event: 15.334 Executing VM operation: CollectForMetadataAllocation done
Event: 15.416 Executing VM operation: G1Concurrent
Event: 15.425 Executing VM operation: G1Concurrent done
Event: 15.471 Executing VM operation: G1Concurrent
Event: 15.471 Executing VM operation: G1Concurrent done
Event: 15.771 Executing VM operation: HandshakeAllThreads
Event: 15.771 Executing VM operation: HandshakeAllThreads done
Event: 15.804 Executing VM operation: HandshakeAllThreads
Event: 15.804 Executing VM operation: HandshakeAllThreads done
Event: 15.879 Executing VM operation: HandshakeAllThreads
Event: 15.879 Executing VM operation: HandshakeAllThreads done
Event: 15.880 Executing VM operation: HandshakeAllThreads
Event: 15.880 Executing VM operation: HandshakeAllThreads done
Event: 16.607 Executing VM operation: HandshakeAllThreads
Event: 16.607 Executing VM operation: HandshakeAllThreads done
Event: 16.607 Executing VM operation: Cleanup
Event: 16.608 Executing VM operation: Cleanup done

Events (20 events):
Event: 15.225 loading class jdk/internal/reflect/ConstantPool$Tag done
Event: 15.458 loading class java/time/DurationEditor
Event: 15.458 loading class java/time/DurationEditor done
Event: 15.585 Thread 0x000002176860b4a0 Thread exited: 0x000002176860b4a0
Event: 15.635 loading class java/nio/charset/UnsupportedCharsetException
Event: 15.635 loading class java/nio/charset/UnsupportedCharsetException done
Event: 15.770 loading class java/util/ArrayList$ListItr
Event: 15.770 loading class java/util/ArrayList$ListItr done
Event: 15.850 loading class java/util/Comparators$NullComparator
Event: 15.851 loading class java/util/Comparators$NullComparator done
Event: 15.915 loading class sun/reflect/annotation/TypeAnnotation$TypeAnnotationTargetInfo
Event: 15.915 loading class sun/reflect/annotation/TypeAnnotation$TypeAnnotationTargetInfo done
Event: 15.935 loading class java/util/HashMap$EntrySpliterator
Event: 15.935 loading class java/util/HashMap$EntrySpliterator done
Event: 16.124 loading class java/util/EnumMap$EntrySet
Event: 16.125 loading class java/util/EnumMap$EntrySet done
Event: 16.125 loading class java/util/EnumMap$EntryIterator
Event: 16.125 loading class java/util/EnumMap$EnumMapIterator
Event: 16.125 loading class java/util/EnumMap$EnumMapIterator done
Event: 16.125 loading class java/util/EnumMap$EntryIterator done


Dynamic libraries:
0x00007ff651e10000 - 0x00007ff651e20000 	C:\Program Files\Java\jdk-17\bin\java.exe
0x00007ffd61150000 - 0x00007ffd61348000 	C:\Windows\SYSTEM32\ntdll.dll
0x00007ffd25eb0000 - 0x00007ffd25ec9000 	C:\Program Files\Avast Software\Avast\aswhook.dll
0x00007ffd5f2a0000 - 0x00007ffd5f35d000 	C:\Windows\System32\KERNEL32.DLL
0x00007ffd5e920000 - 0x00007ffd5ec16000 	C:\Windows\System32\KERNELBASE.dll
0x00007ffd5f080000 - 0x00007ffd5f180000 	C:\Windows\System32\ucrtbase.dll
0x00007ffd5cc10000 - 0x00007ffd5cc29000 	C:\Program Files\Java\jdk-17\bin\jli.dll
0x00007ffd5cbf0000 - 0x00007ffd5cc0b000 	C:\Program Files\Java\jdk-17\bin\VCRUNTIME140.dll
0x00007ffd605c0000 - 0x00007ffd60670000 	C:\Windows\System32\ADVAPI32.dll
0x00007ffd60fc0000 - 0x00007ffd6105e000 	C:\Windows\System32\msvcrt.dll
0x00007ffd603c0000 - 0x00007ffd60460000 	C:\Windows\System32\sechost.dll
0x00007ffd60230000 - 0x00007ffd60353000 	C:\Windows\System32\RPCRT4.dll
0x00007ffd5ed80000 - 0x00007ffd5eda7000 	C:\Windows\System32\bcrypt.dll
0x00007ffd5ff40000 - 0x00007ffd600df000 	C:\Windows\System32\USER32.dll
0x00007ffd5ee40000 - 0x00007ffd5ee62000 	C:\Windows\System32\win32u.dll
0x00007ffd5dcc0000 - 0x00007ffd5df5a000 	C:\Windows\WinSxS\amd64_microsoft.windows.common-controls_6595b64144ccf1df_6.0.19041.3636_none_60b6a03d71f818d5\COMCTL32.dll
0x00007ffd60910000 - 0x00007ffd6093b000 	C:\Windows\System32\GDI32.dll
0x00007ffd5e800000 - 0x00007ffd5e917000 	C:\Windows\System32\gdi32full.dll
0x00007ffd5ef70000 - 0x00007ffd5f00d000 	C:\Windows\System32\msvcp_win.dll
0x00007ffd5b5e0000 - 0x00007ffd5b5ea000 	C:\Windows\SYSTEM32\VERSION.dll
0x00007ffd60e50000 - 0x00007ffd60e82000 	C:\Windows\System32\IMM32.DLL
0x00007ffd5e1a0000 - 0x00007ffd5e1ac000 	C:\Program Files\Java\jdk-17\bin\vcruntime140_1.dll
0x00007ffd386a0000 - 0x00007ffd3872e000 	C:\Program Files\Java\jdk-17\bin\msvcp140.dll
0x00007ffcf4ed0000 - 0x00007ffcf5aaf000 	C:\Program Files\Java\jdk-17\bin\server\jvm.dll
0x00007ffd60e40000 - 0x00007ffd60e48000 	C:\Windows\System32\PSAPI.DLL
0x00007ffd415b0000 - 0x00007ffd415b9000 	C:\Windows\SYSTEM32\WSOCK32.dll
0x00007ffd4f5f0000 - 0x00007ffd4f617000 	C:\Windows\SYSTEM32\WINMM.dll
0x00007ffd600f0000 - 0x00007ffd6015b000 	C:\Windows\System32\WS2_32.dll
0x00007ffd5b8c0000 - 0x00007ffd5b8d2000 	C:\Windows\SYSTEM32\kernel.appcore.dll
0x00007ffd5cbe0000 - 0x00007ffd5cbea000 	C:\Program Files\Java\jdk-17\bin\jimage.dll
0x00007ffd5e210000 - 0x00007ffd5e3f4000 	C:\Windows\SYSTEM32\DBGHELP.DLL
0x00007ffd5e150000 - 0x00007ffd5e184000 	C:\Windows\SYSTEM32\dbgcore.DLL
0x00007ffd5edb0000 - 0x00007ffd5ee32000 	C:\Windows\System32\bcryptPrimitives.dll
0x00007ffd5cba0000 - 0x00007ffd5cbae000 	C:\Program Files\Java\jdk-17\bin\instrument.dll
0x00007ffd5ca80000 - 0x00007ffd5caa5000 	C:\Program Files\Java\jdk-17\bin\java.dll
0x00007ffd38050000 - 0x00007ffd38127000 	C:\Program Files\Java\jdk-17\bin\jsvml.dll
0x00007ffd5f360000 - 0x00007ffd5facb000 	C:\Windows\System32\SHELL32.dll
0x00007ffd5ba50000 - 0x00007ffd5c1ee000 	C:\Windows\SYSTEM32\windows.storage.dll
0x00007ffd60940000 - 0x00007ffd60c93000 	C:\Windows\System32\combase.dll
0x00007ffd5da50000 - 0x00007ffd5da7e000 	C:\Windows\SYSTEM32\Wldp.dll
0x00007ffd604f0000 - 0x00007ffd605bd000 	C:\Windows\System32\OLEAUT32.dll
0x00007ffd61060000 - 0x00007ffd6110d000 	C:\Windows\System32\SHCORE.dll
0x00007ffd60d00000 - 0x00007ffd60d55000 	C:\Windows\System32\shlwapi.dll
0x00007ffd5e730000 - 0x00007ffd5e753000 	C:\Windows\SYSTEM32\profapi.dll
0x00007ffd56e30000 - 0x00007ffd56e48000 	C:\Program Files\Java\jdk-17\bin\zip.dll
0x00007ffd5cbc0000 - 0x00007ffd5cbd9000 	C:\Program Files\Java\jdk-17\bin\net.dll
0x00007ffd55ce0000 - 0x00007ffd55dea000 	C:\Windows\SYSTEM32\WINHTTP.dll
0x00007ffd5d830000 - 0x00007ffd5d89a000 	C:\Windows\system32\mswsock.dll
0x00007ffd5cb70000 - 0x00007ffd5cb86000 	C:\Program Files\Java\jdk-17\bin\nio.dll
0x00007ffd54a80000 - 0x00007ffd54a9a000 	C:\Program Files\JetBrains\IntelliJ IDEA Community Edition 2020.3.2\bin\breakgen64.dll
0x00007ffd56e20000 - 0x00007ffd56e2a000 	C:\Program Files\Java\jdk-17\bin\management.dll
0x00007ffd56cb0000 - 0x00007ffd56cbb000 	C:\Program Files\Java\jdk-17\bin\management_ext.dll
0x00007ffd564e0000 - 0x00007ffd564ee000 	C:\Program Files\Java\jdk-17\bin\sunmscapi.dll
0x00007ffd5ec20000 - 0x00007ffd5ed7e000 	C:\Windows\System32\CRYPT32.dll
0x00007ffd5dba0000 - 0x00007ffd5dbc8000 	C:\Windows\SYSTEM32\ncrypt.dll
0x00007ffd5db60000 - 0x00007ffd5db9b000 	C:\Windows\SYSTEM32\NTASN1.dll
0x00007ffd5e570000 - 0x00007ffd5e588000 	C:\Windows\SYSTEM32\CRYPTSP.dll
0x00007ffd5d1d0000 - 0x00007ffd5d204000 	C:\Windows\system32\rsaenh.dll
0x00007ffd5e6b0000 - 0x00007ffd5e6de000 	C:\Windows\SYSTEM32\USERENV.dll
0x00007ffd5d9c0000 - 0x00007ffd5d9cc000 	C:\Windows\SYSTEM32\CRYPTBASE.dll
0x00007ffd5d530000 - 0x00007ffd5d56b000 	C:\Windows\SYSTEM32\IPHLPAPI.DLL
0x00007ffd600e0000 - 0x00007ffd600e8000 	C:\Windows\System32\NSI.dll
0x00007ffd53f80000 - 0x00007ffd53f97000 	C:\Windows\SYSTEM32\dhcpcsvc6.DLL
0x00007ffd53f60000 - 0x00007ffd53f7d000 	C:\Windows\SYSTEM32\dhcpcsvc.DLL
0x00007ffd5d570000 - 0x00007ffd5d63b000 	C:\Windows\SYSTEM32\DNSAPI.dll
0x00007ffd5ca70000 - 0x00007ffd5ca80000 	C:\Program Files\Java\jdk-17\bin\verify.dll
0x0000000063560000 - 0x0000000063569000 	C:\Program Files\National Instruments\Shared\mDNS Responder\nimdnsNSP.dll
0x000000006fbc0000 - 0x000000006fc63000 	C:\Windows\WinSxS\amd64_microsoft.vc90.crt_1fc8b3b9a1e18e3b_9.0.30729.9625_none_08e1c10da83fbc83\MSVCR90.dll
0x0000000063550000 - 0x000000006355e000 	C:\Windows\SYSTEM32\nimdnsResponder.dll
0x00007ffd52560000 - 0x00007ffd5256a000 	C:\Windows\System32\rasadhlp.dll
0x00007ffd51320000 - 0x00007ffd513a0000 	C:\Windows\System32\fwpuclnt.dll

dbghelp: loaded successfully - version: 4.0.5 - missing functions: none
symbol engine: initialized successfully - sym options: 0x614 - pdb path: .;C:\Program Files\Java\jdk-17\bin;C:\Windows\SYSTEM32;C:\Program Files\Avast Software\Avast;C:\Windows\WinSxS\amd64_microsoft.windows.common-controls_6595b64144ccf1df_6.0.19041.3636_none_60b6a03d71f818d5;C:\Program Files\Java\jdk-17\bin\server;C:\Program Files\JetBrains\IntelliJ IDEA Community Edition 2020.3.2\bin;C:\Program Files\National Instruments\Shared\mDNS Responder;C:\Windows\WinSxS\amd64_microsoft.vc90.crt_1fc8b3b9a1e18e3b_9.0.30729.9625_none_08e1c10da83fbc83

VM Arguments:
jvm_args: -javaagent:C:\Program Files\JetBrains\IntelliJ IDEA Community Edition 2020.3.2\lib\idea_rt.jar=51767:C:\Program Files\JetBrains\IntelliJ IDEA Community Edition 2020.3.2\bin -Dfile.encoding=UTF-8 
java_command: com.kindergarten.kindergarten.KindergartenApplication
java_class_path (initial): C:\Users\Gabito\IdeaProjects\Diplom\kindergarten\target\classes;C:\Users\Gabito\.m2\repository\org\springframework\boot\spring-boot-starter-data-jpa\3.2.5\spring-boot-starter-data-jpa-3.2.5.jar;C:\Users\Gabito\.m2\repository\org\springframework\boot\spring-boot-starter-aop\3.2.5\spring-boot-starter-aop-3.2.5.jar;C:\Users\Gabito\.m2\repository\org\aspectj\aspectjweaver\1.9.22\aspectjweaver-1.9.22.jar;C:\Users\Gabito\.m2\repository\org\springframework\boot\spring-boot-starter-jdbc\3.2.5\spring-boot-starter-jdbc-3.2.5.jar;C:\Users\Gabito\.m2\repository\com\zaxxer\HikariCP\5.0.1\HikariCP-5.0.1.jar;C:\Users\Gabito\.m2\repository\org\springframework\spring-jdbc\6.1.6\spring-jdbc-6.1.6.jar;C:\Users\Gabito\.m2\repository\org\hibernate\orm\hibernate-core\6.4.4.Final\hibernate-core-6.4.4.Final.jar;C:\Users\Gabito\.m2\repository\jakarta\persistence\jakarta.persistence-api\3.1.0\jakarta.persistence-api-3.1.0.jar;C:\Users\Gabito\.m2\repository\jakarta\transaction\jakarta.transaction-api\2.0.1\jakarta.transaction-api-2.0.1.jar;C:\Users\Gabito\.m2\repository\org\hibernate\common\hibernate-commons-annotations\6.0.6.Final\hibernate-commons-annotations-6.0.6.Final.jar;C:\Users\Gabito\.m2\repository\io\smallrye\jandex\3.1.2\jandex-3.1.2.jar;C:\Users\Gabito\.m2\repository\net\bytebuddy\byte-buddy\1.14.13\byte-buddy-1.14.13.jar;C:\Users\Gabito\.m2\repository\org\glassfish\jaxb\jaxb-runtime\4.0.5\jaxb-runtime-4.0.5.jar;C:\Users\Gabito\.m2\repository\org\glassfish\jaxb\jaxb-core\4.0.5\jaxb-core-4.0.5.jar;C:\Users\Gabito\.m2\repository\org\eclipse\angus\angus-activation\2.0.2\angus-activation-2.0.2.jar;C:\Users\Gabito\.m2\repository\org\glassfish\jaxb\txw2\4.0.5\txw2-4.0.5.jar;C:\Users\Gabito\.m2\repository\com\sun\istack\istack-commons-runtime\4.1.2\istack-commons-runtime-4.1.2.jar;C:\Users\Gabito\.m2\repository\jakarta\inject\jakarta.inject-api\2.0.1\jakarta.inject-api-2.0.1.jar;C:\Users\Gabito\.m2\repository\org\antlr\antlr4-runtime\4.13.0\antlr4-runtime-4.1
Launcher Type: SUN_STANDARD

[Global flags]
     intx CICompilerCount                          = 4                                         {product} {ergonomic}
     uint ConcGCThreads                            = 2                                         {product} {ergonomic}
     uint G1ConcRefinementThreads                  = 8                                         {product} {ergonomic}
   size_t G1HeapRegionSize                         = 2097152                                   {product} {ergonomic}
    uintx GCDrainStackTargetSize                   = 64                                        {product} {ergonomic}
   size_t InitialHeapSize                          = 264241152                                 {product} {ergonomic}
   size_t MarkStackSize                            = 4194304                                   {product} {ergonomic}
   size_t MaxHeapSize                              = 4213178368                                {product} {ergonomic}
   size_t MaxNewSize                               = 2527068160                                {product} {ergonomic}
   size_t MinHeapDeltaBytes                        = 2097152                                   {product} {ergonomic}
   size_t MinHeapSize                              = 8388608                                   {product} {ergonomic}
    uintx NonNMethodCodeHeapSize                   = 5839372                                {pd product} {ergonomic}
    uintx NonProfiledCodeHeapSize                  = 122909434                              {pd product} {ergonomic}
    uintx ProfiledCodeHeapSize                     = 122909434                              {pd product} {ergonomic}
    uintx ReservedCodeCacheSize                    = 251658240                              {pd product} {ergonomic}
     bool SegmentedCodeCache                       = true                                      {product} {ergonomic}
   size_t SoftMaxHeapSize                          = 4213178368                             {manageable} {ergonomic}
     bool UseCompressedClassPointers               = true                           {product lp64_product} {ergonomic}
     bool UseCompressedOops                        = true                           {product lp64_product} {ergonomic}
     bool UseG1GC                                  = true                                      {product} {ergonomic}
     bool UseLargePagesIndividualAllocation        = false                                  {pd product} {ergonomic}

Logging:
Log output configuration:
 #0: stdout all=warning uptime,level,tags
 #1: stderr all=off uptime,level,tags

Environment Variables:
JAVA_HOME=C:\Program Files\Java\jdk-17
PATH=C:\Program Files\Java\jdk-17\bin;C:\Program Files (x86)\NVIDIA Corporation\PhysX\Common;C:\Program Files\Common Files\Oracle\Java\javapath;C:\Program Files (x86)\Common Files\Oracle\Java\javapath;C:\Windows\system32;C:\Windows;C:\Windows\System32\Wbem;C:\Windows\System32\WindowsPowerShell\v1.0\;C:\Windows\System32\OpenSSH\;C:\Program Files (x86)\Windows Kits\8.1\Windows Performance Toolkit\;C:\Program Files\mingw-w64\x86_64-8.1.0-posix-seh-rt_v6-rev0\mingw64\bin;C:\Program Files\Git\cmd;C:\Program Files\PostgreSQL\14\bin;C:\Program Files\PostgreSQL\14\lib;C:\Program Files\MySQL\MySQL Server 8.0\bin;C:\Program Files\dotnet\;C:\Program Files (x86)\Microsoft SQL Server\160\Tools\Binn\;C:\Program Files\Microsoft SQL Server\160\Tools\Binn\;C:\Program Files\Microsoft SQL Server\Client SDK\ODBC\170\Tools\Binn\;C:\Program Files\Microsoft SQL Server\160\DTS\Binn\;C:\Program Files\Docker\Docker\resources\bin;C:\Users\Gabito\AppData\Local\Microsoft\WindowsApps;C:\Users\Gabito\AppData\Local\Programs\Microsoft VS Code\bin;C:\Program Files\mingw-w64\x86_64-8.1.0-posix-seh-rt_v6-rev0\mingw64\bin;C:\Maven\apache-maven-3.8.4-bin\apache-maven-3.8.4\bin;;C:\Program Files\liquibase;C:\Users\Gabito\.dotnet\tools
USERNAME=Gabito
OS=Windows_NT
PROCESSOR_IDENTIFIER=Intel64 Family 6 Model 140 Stepping 1, GenuineIntel



---------------  S Y S T E M  ---------------

OS:
 Windows 10 , 64 bit Build 19041 (10.0.19041.3636)
OS uptime: 2 days 9:18 hours
Hyper-V role detected

CPU: total 8 (initial active 8) (4 cores per cpu, 2 threads per core) family 6 model 140 stepping 1 microcode 0xb6, cx8, cmov, fxsr, ht, mmx, 3dnowpref, sse, sse2, sse3, ssse3, sse4.1, sse4.2, popcnt, lzcnt, tsc, tscinvbit, avx, avx2, aes, erms, clmul, bmi1, bmi2, adx, avx512f, avx512dq, avx512cd, avx512bw, avx512vl, sha, fma, vzeroupper, avx512_vpopcntdq, avx512_vpclmulqdq, avx512_vaes, avx512_vnni, clflush, clflushopt, clwb, avx512_vbmi2, avx512_vbmi, hv

Memory: 4k page, system-wide physical 16064M (1357M free)
TotalPageFile size 24256M (AvailPageFile size 62M)
current process WorkingSet (physical memory assigned to process): 262M, peak: 277M
current process commit charge ("private bytes"): 301M, peak: 409M

vm_info: Java HotSpot(TM) 64-Bit Server VM (17.0.10+11-LTS-240) for windows-amd64 JRE (17.0.10+11-LTS-240), built on Dec 19 2023 21:47:25 by "mach5one" with MS VC++ 17.1 (VS2022)

END.
