#
# There is insufficient memory for the Java Runtime Environment to continue.
# Native memory allocation (malloc) failed to allocate 2079632 bytes for Chunk::new
# Possible reasons:
#   The system is out of physical RAM or swap space
#   The process is running with CompressedOops enabled, and the Java Heap may be blocking the growth of the native heap
# Possible solutions:
#   Reduce memory load on the system
#   Increase physical memory or swap space
#   Check if swap backing store is full
#   Decrease Java heap size (-Xmx/-Xms)
#   Decrease number of Java threads
#   Decrease Java thread stack sizes (-Xss)
#   Set larger code cache with -XX:ReservedCodeCacheSize=
#   JVM is running with Zero Based Compressed Oops mode in which the Java heap is
#     placed in the first 32GB address space. The Java Heap base address is the
#     maximum limit for the native heap growth. Please use -XX:HeapBaseMinAddress
#     to set the Java Heap base and to place the Java Heap above 32GB virtual address.
# This output file may be truncated or incomplete.
#
#  Out of Memory Error (arena.cpp:189), pid=29324, tid=4744
#
# JRE version: Java(TM) SE Runtime Environment (17.0.10+11) (build 17.0.10+11-LTS-240)
# Java VM: Java HotSpot(TM) 64-Bit Server VM (17.0.10+11-LTS-240, mixed mode, sharing, tiered, compressed oops, compressed class ptrs, g1 gc, windows-amd64)
# No core dump will be written. Minidumps are not enabled by default on client versions of Windows
#

---------------  S U M M A R Y ------------

Command Line: -javaagent:C:\Program Files\JetBrains\IntelliJ IDEA Community Edition 2020.3.2\lib\idea_rt.jar=57757:C:\Program Files\JetBrains\IntelliJ IDEA Community Edition 2020.3.2\bin -Dfile.encoding=UTF-8 com.kindergarten.kindergarten.KindergartenApplication

Host: 11th Gen Intel(R) Core(TM) i7-1165G7 @ 2.80GHz, 8 cores, 15G,  Windows 10 , 64 bit Build 19041 (10.0.19041.3636)
Time: Mon May  6 19:54:31 2024 FLE Daylight Time elapsed time: 17.047545 seconds (0d 0h 0m 17s)

---------------  T H R E A D  ---------------

Current thread (0x000002477f61bd00):  JavaThread "C2 CompilerThread0" daemon [_thread_in_native, id=4744, stack(0x000000fd55c00000,0x000000fd55d00000)]


Current CompileTask:
C2:  17047 5263       4       org.springframework.core.BridgeMethodResolver::resolveBridgeMethod (165 bytes)

Stack: [0x000000fd55c00000,0x000000fd55d00000]
Native frames: (J=compiled Java code, j=interpreted, Vv=VM code, C=native code)
V  [jvm.dll+0x677a5a]
V  [jvm.dll+0x7d8b2d]
V  [jvm.dll+0x7da48e]
V  [jvm.dll+0x7daaf3]
V  [jvm.dll+0x2455ff]
V  [jvm.dll+0xaaafb]
V  [jvm.dll+0xab09c]
V  [jvm.dll+0x361bae]
V  [jvm.dll+0x32c211]
V  [jvm.dll+0x32b6aa]
V  [jvm.dll+0x21794f]
V  [jvm.dll+0x216d81]
V  [jvm.dll+0x1a3410]
V  [jvm.dll+0x226aeb]
V  [jvm.dll+0x224cab]
V  [jvm.dll+0x78e45c]
V  [jvm.dll+0x78888a]
V  [jvm.dll+0x676935]
C  [ucrtbase.dll+0x21bb2]
C  [KERNEL32.DLL+0x17344]
C  [ntdll.dll+0x526b1]


---------------  P R O C E S S  ---------------

Threads class SMR info:
_java_thread_list=0x000002476778fa80, length=22, elements={
0x000002477cffbbc0, 0x000002477f5fff90, 0x000002477f600b50, 0x000002477f611bb0,
0x000002477f612770, 0x000002477f617150, 0x000002477f617b10, 0x000002477f61bd00,
0x00000247206b8090, 0x00000247206c9250, 0x000002477f5e9500, 0x00000247209120e0,
0x00000247209125c0, 0x0000024766669b50, 0x00000247667fe7a0, 0x0000024768392a70,
0x00000247683939a0, 0x0000024768394de0, 0x0000024768392050, 0x0000024768393eb0,
0x00000247684eb180, 0x00000247690ec130
}

Java Threads: ( => current thread )
  0x000002477cffbbc0 JavaThread "main" [_thread_blocked, id=23264, stack(0x000000fd54f00000,0x000000fd55000000)]
  0x000002477f5fff90 JavaThread "Reference Handler" daemon [_thread_blocked, id=4696, stack(0x000000fd55600000,0x000000fd55700000)]
  0x000002477f600b50 JavaThread "Finalizer" daemon [_thread_blocked, id=28820, stack(0x000000fd55700000,0x000000fd55800000)]
  0x000002477f611bb0 JavaThread "Signal Dispatcher" daemon [_thread_blocked, id=18396, stack(0x000000fd55800000,0x000000fd55900000)]
  0x000002477f612770 JavaThread "Attach Listener" daemon [_thread_blocked, id=18516, stack(0x000000fd55900000,0x000000fd55a00000)]
  0x000002477f617150 JavaThread "Service Thread" daemon [_thread_blocked, id=27204, stack(0x000000fd55a00000,0x000000fd55b00000)]
  0x000002477f617b10 JavaThread "Monitor Deflation Thread" daemon [_thread_blocked, id=14124, stack(0x000000fd55b00000,0x000000fd55c00000)]
=>0x000002477f61bd00 JavaThread "C2 CompilerThread0" daemon [_thread_in_native, id=4744, stack(0x000000fd55c00000,0x000000fd55d00000)]
  0x00000247206b8090 JavaThread "C1 CompilerThread0" daemon [_thread_blocked, id=13520, stack(0x000000fd55d00000,0x000000fd55e00000)]
  0x00000247206c9250 JavaThread "Sweeper thread" daemon [_thread_blocked, id=2184, stack(0x000000fd55e00000,0x000000fd55f00000)]
  0x000002477f5e9500 JavaThread "Common-Cleaner" daemon [_thread_blocked, id=15064, stack(0x000000fd55f00000,0x000000fd56000000)]
  0x00000247209120e0 JavaThread "Monitor Ctrl-Break" daemon [_thread_in_native, id=16800, stack(0x000000fd56100000,0x000000fd56200000)]
  0x00000247209125c0 JavaThread "Notification Thread" daemon [_thread_blocked, id=24032, stack(0x000000fd56200000,0x000000fd56300000)]
  0x0000024766669b50 JavaThread "Thread-0" [_thread_blocked, id=28688, stack(0x000000fd56400000,0x000000fd56500000)]
  0x00000247667fe7a0 JavaThread "restartedMain" [_thread_in_Java, id=30616, stack(0x000000fd56c00000,0x000000fd56d00000)]
  0x0000024768392a70 JavaThread "Catalina-utility-1" [_thread_blocked, id=28816, stack(0x000000fd56f00000,0x000000fd57000000)]
  0x00000247683939a0 JavaThread "Catalina-utility-2" [_thread_blocked, id=30552, stack(0x000000fd57000000,0x000000fd57100000)]
  0x0000024768394de0 JavaThread "container-0" [_thread_blocked, id=24696, stack(0x000000fd57100000,0x000000fd57200000)]
  0x0000024768392050 JavaThread "PostgreSQL-JDBC-Cleaner" daemon [_thread_blocked, id=24412, stack(0x000000fd57200000,0x000000fd57300000)]
  0x0000024768393eb0 JavaThread "HikariPool-1 housekeeper" daemon [_thread_blocked, id=4808, stack(0x000000fd57300000,0x000000fd57400000)]
  0x00000247684eb180 JavaThread "C2 CompilerThread1" daemon [_thread_in_native, id=10396, stack(0x000000fd56000000,0x000000fd56100000)]
  0x00000247690ec130 JavaThread "C2 CompilerThread2" daemon [_thread_in_native, id=18500, stack(0x000000fd57500000,0x000000fd57600000)]

Other Threads:
  0x000002477f5fa0e0 VMThread "VM Thread" [stack: 0x000000fd55500000,0x000000fd55600000] [id=13892]
  0x000002477d081290 WatcherThread [stack: 0x000000fd56300000,0x000000fd56400000] [id=24832]
  0x000002477d064c50 GCTaskThread "GC Thread#0" [stack: 0x000000fd55000000,0x000000fd55100000] [id=23072]
  0x00000247667ae940 GCTaskThread "GC Thread#1" [stack: 0x000000fd56500000,0x000000fd56600000] [id=16560]
  0x00000247667aec00 GCTaskThread "GC Thread#2" [stack: 0x000000fd56600000,0x000000fd56700000] [id=76]
  0x00000247667aeec0 GCTaskThread "GC Thread#3" [stack: 0x000000fd56700000,0x000000fd56800000] [id=28520]
  0x00000247667af600 GCTaskThread "GC Thread#4" [stack: 0x000000fd56800000,0x000000fd56900000] [id=11132]
  0x00000247667af8c0 GCTaskThread "GC Thread#5" [stack: 0x000000fd56900000,0x000000fd56a00000] [id=28568]
  0x00000247667f4ed0 GCTaskThread "GC Thread#6" [stack: 0x000000fd56a00000,0x000000fd56b00000] [id=30608]
  0x00000247667f5190 GCTaskThread "GC Thread#7" [stack: 0x000000fd56b00000,0x000000fd56c00000] [id=27616]
  0x000002477d075780 ConcurrentGCThread "G1 Main Marker" [stack: 0x000000fd55100000,0x000000fd55200000] [id=25640]
  0x000002477d076930 ConcurrentGCThread "G1 Conc#0" [stack: 0x000000fd55200000,0x000000fd55300000] [id=30632]
  0x0000024766a5b0d0 ConcurrentGCThread "G1 Conc#1" [stack: 0x000000fd56d00000,0x000000fd56e00000] [id=25824]
  0x000002477f4b44f0 ConcurrentGCThread "G1 Refine#0" [stack: 0x000000fd55300000,0x000000fd55400000] [id=2160]
  0x000002477f4b4f20 ConcurrentGCThread "G1 Service" [stack: 0x000000fd55400000,0x000000fd55500000] [id=25196]

Threads with active compile tasks:
C2 CompilerThread0    17132 5263       4       org.springframework.core.BridgeMethodResolver::resolveBridgeMethod (165 bytes)
C2 CompilerThread1    17133 5395   !   4       org.springframework.util.ReflectionUtils::doWithMethods (186 bytes)
C2 CompilerThread2    17133 5266   !   4       org.springframework.core.annotation.AnnotationsScanner::processMethodHierarchy (276 bytes)

VM state: not at safepoint (normal execution)

VM Mutex/Monitor currently owned by a thread: None

Heap address: 0x0000000704e00000, size: 4018 MB, Compressed Oops mode: Zero based, Oop shift amount: 3

CDS archive(s) mapped at: [0x0000024721000000-0x0000024721bd0000-0x0000024721bd0000), size 12386304, SharedBaseAddress: 0x0000024721000000, ArchiveRelocationMode: 1.
Compressed class space mapped at: 0x0000024722000000-0x0000024762000000, reserved size: 1073741824
Narrow klass base: 0x0000024721000000, Narrow klass shift: 0, Narrow klass range: 0x100000000

GC Precious Log:
 CPUs: 8 total, 8 available
 Memory: 16064M
 Large Page Support: Disabled
 NUMA Support: Disabled
 Compressed Oops: Enabled (Zero based)
 Heap Region Size: 2M
 Heap Min Capacity: 8M
 Heap Initial Capacity: 252M
 Heap Max Capacity: 4018M
 Pre-touch: Disabled
 Parallel Workers: 8
 Concurrent Workers: 2
 Concurrent Refinement Workers: 8
 Periodic GC: Disabled

Heap:
 garbage-first heap   total 61440K, used 37242K [0x0000000704e00000, 0x0000000800000000)
  region size 2048K, 8 young (16384K), 2 survivors (4096K)
 Metaspace       used 60497K, committed 61056K, reserved 1114112K
  class space    used 8402K, committed 8704K, reserved 1048576K

Heap Regions: E=young(eden), S=young(survivor), O=old, HS=humongous(starts), HC=humongous(continues), CS=collection set, F=free, OA=open archive, CA=closed archive, TAMS=top-at-mark-start (previous, next)
|   0|0x0000000704e00000, 0x0000000705000000, 0x0000000705000000|100%| O|  |TAMS 0x0000000705000000, 0x0000000704e00000| Untracked 
|   1|0x0000000705000000, 0x0000000705200000, 0x0000000705200000|100%| O|  |TAMS 0x0000000705200000, 0x0000000705000000| Untracked 
|   2|0x0000000705200000, 0x0000000705400000, 0x0000000705400000|100%| O|  |TAMS 0x0000000705400000, 0x0000000705200000| Untracked 
|   3|0x0000000705400000, 0x0000000705587e00, 0x0000000705600000| 76%| O|  |TAMS 0x0000000705587e00, 0x0000000705400000| Untracked 
|   4|0x0000000705600000, 0x0000000705800000, 0x0000000705800000|100%| O|  |TAMS 0x0000000705800000, 0x0000000705600000| Untracked 
|   5|0x0000000705800000, 0x0000000705a00000, 0x0000000705a00000|100%| O|  |TAMS 0x0000000705a00000, 0x0000000705800000| Untracked 
|   6|0x0000000705a00000, 0x0000000705c00000, 0x0000000705c00000|100%| O|  |TAMS 0x0000000705c00000, 0x0000000705a00000| Untracked 
|   7|0x0000000705c00000, 0x0000000705e00000, 0x0000000705e00000|100%| O|  |TAMS 0x0000000705e00000, 0x0000000705c00000| Untracked 
|   8|0x0000000705e00000, 0x0000000706000000, 0x0000000706000000|100%| O|  |TAMS 0x0000000706000000, 0x0000000705e00000| Untracked 
|   9|0x0000000706000000, 0x0000000706200000, 0x0000000706200000|100%| O|  |TAMS 0x0000000706200000, 0x0000000706000000| Untracked 
|  10|0x0000000706200000, 0x0000000706400000, 0x0000000706400000|100%| O|  |TAMS 0x0000000706400000, 0x0000000706200000| Untracked 
|  11|0x0000000706400000, 0x00000007065ef800, 0x0000000706600000| 96%| O|  |TAMS 0x0000000706502e00, 0x0000000706400000| Untracked 
|  12|0x0000000706600000, 0x0000000706600000, 0x0000000706800000|  0%| F|  |TAMS 0x0000000706600000, 0x0000000706600000| Untracked 
|  13|0x0000000706800000, 0x0000000706800000, 0x0000000706a00000|  0%| F|  |TAMS 0x0000000706800000, 0x0000000706800000| Untracked 
|  14|0x0000000706a00000, 0x0000000706a00000, 0x0000000706c00000|  0%| F|  |TAMS 0x0000000706a00000, 0x0000000706a00000| Untracked 
|  15|0x0000000706c00000, 0x0000000706c00000, 0x0000000706e00000|  0%| F|  |TAMS 0x0000000706c00000, 0x0000000706c00000| Untracked 
|  16|0x0000000706e00000, 0x0000000706e00000, 0x0000000707000000|  0%| F|  |TAMS 0x0000000706e00000, 0x0000000706e00000| Untracked 
|  17|0x0000000707000000, 0x0000000707000000, 0x0000000707200000|  0%| F|  |TAMS 0x0000000707000000, 0x0000000707000000| Untracked 
|  18|0x0000000707200000, 0x0000000707200000, 0x0000000707400000|  0%| F|  |TAMS 0x0000000707200000, 0x0000000707200000| Untracked 
|  19|0x0000000707400000, 0x0000000707400000, 0x0000000707600000|  0%| F|  |TAMS 0x0000000707400000, 0x0000000707400000| Untracked 
|  20|0x0000000707600000, 0x0000000707600000, 0x0000000707800000|  0%| F|  |TAMS 0x0000000707600000, 0x0000000707600000| Untracked 
|  21|0x0000000707800000, 0x0000000707800000, 0x0000000707a00000|  0%| F|  |TAMS 0x0000000707800000, 0x0000000707800000| Untracked 
|  22|0x0000000707a00000, 0x0000000707ac45b8, 0x0000000707c00000| 38%| E|  |TAMS 0x0000000707a00000, 0x0000000707a00000| Complete 
|  23|0x0000000707c00000, 0x0000000707ce7380, 0x0000000707e00000| 45%| S|CS|TAMS 0x0000000707c00000, 0x0000000707c00000| Complete 
|  24|0x0000000707e00000, 0x0000000708000000, 0x0000000708000000|100%| S|CS|TAMS 0x0000000707e00000, 0x0000000707e00000| Complete 
|  91|0x0000000710400000, 0x0000000710600000, 0x0000000710600000|100%| E|CS|TAMS 0x0000000710400000, 0x0000000710400000| Complete 
|  92|0x0000000710600000, 0x0000000710800000, 0x0000000710800000|100%| E|CS|TAMS 0x0000000710600000, 0x0000000710600000| Complete 
|  93|0x0000000710800000, 0x0000000710a00000, 0x0000000710a00000|100%| E|CS|TAMS 0x0000000710800000, 0x0000000710800000| Complete 
|  94|0x0000000710a00000, 0x0000000710c00000, 0x0000000710c00000|100%| E|CS|TAMS 0x0000000710a00000, 0x0000000710a00000| Complete 
| 125|0x0000000714800000, 0x0000000714a00000, 0x0000000714a00000|100%| E|CS|TAMS 0x0000000714800000, 0x0000000714800000| Complete 

Card table byte_map: [0x000002477dbd0000,0x000002477e3b0000] _byte_map_base: 0x000002477a3a9000

Marking Bits (Prev, Next): (CMBitMap*) 0x000002477d0652b0, (CMBitMap*) 0x000002477d065270
 Prev Bits: [0x000002471a6b0000, 0x000002471e578000)
 Next Bits: [0x00000247167e0000, 0x000002471a6a8000)

Polling page: 0x000002477c7c0000

Metaspace:

Usage:
  Non-class:     50.88 MB used.
      Class:      8.21 MB used.
       Both:     59.08 MB used.

Virtual space:
  Non-class space:       64.00 MB reserved,      51.12 MB ( 80%) committed,  1 nodes.
      Class space:        1.00 GB reserved,       8.50 MB ( <1%) committed,  1 nodes.
             Both:        1.06 GB reserved,      59.62 MB (  5%) committed. 

Chunk freelists:
   Non-Class:  12.69 MB
       Class:  7.42 MB
        Both:  20.11 MB

MaxMetaspaceSize: unlimited
CompressedClassSpaceSize: 1.00 GB
Initial GC threshold: 21.00 MB
Current GC threshold: 98.38 MB
CDS: on
MetaspaceReclaimPolicy: balanced
 - commit_granule_bytes: 65536.
 - commit_granule_words: 8192.
 - virtual_space_node_default_size: 8388608.
 - enlarge_chunks_in_place: 1.
 - new_chunks_are_fully_committed: 0.
 - uncommit_free_chunks: 1.
 - use_allocation_guard: 0.
 - handle_deallocations: 1.


Internal statistics:

num_allocs_failed_limit: 9.
num_arena_births: 732.
num_arena_deaths: 0.
num_vsnodes_births: 2.
num_vsnodes_deaths: 0.
num_space_committed: 954.
num_space_uncommitted: 0.
num_chunks_returned_to_freelist: 9.
num_chunks_taken_from_freelist: 2972.
num_chunk_merges: 9.
num_chunk_splits: 2132.
num_chunks_enlarged: 1660.
num_inconsistent_stats: 0.

CodeHeap 'non-profiled nmethods': size=120000Kb used=3020Kb max_used=3077Kb free=116979Kb
 bounds [0x000002470f2b0000, 0x000002470f5d0000, 0x00000247167e0000]
CodeHeap 'profiled nmethods': size=120000Kb used=9348Kb max_used=9610Kb free=110651Kb
 bounds [0x00000247077e0000, 0x0000024708150000, 0x000002470ed10000]
CodeHeap 'non-nmethods': size=5760Kb used=1343Kb max_used=1431Kb free=4416Kb
 bounds [0x000002470ed10000, 0x000002470ef80000, 0x000002470f2b0000]
 total_blobs=5510 nmethods=4853 adapters=568
 compilation: enabled
              stopped_count=0, restarted_count=0
 full_count=0

Compilation events (20 events):
Event: 17.028 Thread 0x00000247206b8090 nmethod 5577 0x000002470f542b10 code [0x000002470f542ca0, 0x000002470f542d78]
Event: 17.028 Thread 0x00000247206b8090 5579       3       org.springframework.core.annotation.TypeMappedAnnotations$AggregatesSpliterator::tryAdvance (153 bytes)
Event: 17.030 Thread 0x00000247206b8090 nmethod 5579 0x000002470800d110 code [0x000002470800d360, 0x000002470800dd98]
Event: 17.030 Thread 0x00000247206b8090 5578       3       org.springframework.core.annotation.TypeMappedAnnotations$AggregatesSpliterator::tryAdvance (64 bytes)
Event: 17.030 Thread 0x00000247206b8090 nmethod 5578 0x000002470800c710 code [0x000002470800c900, 0x000002470800ce48]
Event: 17.030 Thread 0x00000247206b8090 5580       3       org.springframework.core.annotation.AnnotationTypeMapping::getMappedAnnotationValue (52 bytes)
Event: 17.031 Thread 0x00000247206b8090 nmethod 5580 0x00000247078dff90 code [0x00000247078e0160, 0x00000247078e04c8]
Event: 17.031 Thread 0x00000247206b8090 5581       3       org.springframework.core.annotation.MergedAnnotationPredicates::typeIn (7 bytes)
Event: 17.032 Thread 0x00000247206b8090 nmethod 5581 0x00000247078df610 code [0x00000247078df800, 0x00000247078dfd88]
Event: 17.032 Thread 0x00000247206b8090 5582       3       org.springframework.core.annotation.MergedAnnotationPredicates$$Lambda$289/0x00000247221db378::<init> (10 bytes)
Event: 17.032 Thread 0x00000247206b8090 nmethod 5582 0x00000247078df210 code [0x00000247078df3a0, 0x00000247078df558]
Event: 17.032 Thread 0x00000247206b8090 5583       3       org.springframework.util.ReflectionUtils::makeAccessible (36 bytes)
Event: 17.033 Thread 0x00000247206b8090 nmethod 5583 0x00000247078de410 code [0x00000247078de640, 0x00000247078def28]
Event: 17.033 Thread 0x00000247206b8090 5585       3       java.util.stream.MatchOps::makeRef (29 bytes)
Event: 17.035 Thread 0x00000247206b8090 nmethod 5585 0x00000247078dd290 code [0x00000247078dd4e0, 0x00000247078de028]
Event: 17.035 Thread 0x00000247206b8090 5586       3       java.util.stream.MatchOps$$Lambda$179/0x00000247220d5428::<init> (15 bytes)
Event: 17.035 Thread 0x00000247206b8090 nmethod 5586 0x00000247078dce10 code [0x00000247078dcfc0, 0x00000247078dd1f8]
Event: 17.035 Thread 0x00000247206b8090 5587       3       java.util.stream.MatchOps$$Lambda$179/0x00000247220d5428::get (12 bytes)
Event: 17.036 Thread 0x00000247206b8090 nmethod 5587 0x00000247078dc690 code [0x00000247078dc860, 0x00000247078dcc98]
Event: 17.036 Thread 0x00000247206b8090 5589   !   3       sun.reflect.annotation.AnnotationParser::parseClassValue (56 bytes)

GC Heap History (20 events):
Event: 3.818 GC heap before
{Heap before GC invocations=2 (full 0):
 garbage-first heap   total 258048K, used 68829K [0x0000000704e00000, 0x0000000800000000)
  region size 2048K, 31 young (63488K), 1 survivors (2048K)
 Metaspace       used 21299K, committed 21504K, reserved 1114112K
  class space    used 2713K, committed 2816K, reserved 1048576K
}
Event: 3.830 GC heap after
{Heap after GC invocations=3 (full 0):
 garbage-first heap   total 258048K, used 14027K [0x0000000704e00000, 0x0000000800000000)
  region size 2048K, 4 young (8192K), 4 survivors (8192K)
 Metaspace       used 21299K, committed 21504K, reserved 1114112K
  class space    used 2713K, committed 2816K, reserved 1048576K
}
Event: 5.108 GC heap before
{Heap before GC invocations=4 (full 0):
 garbage-first heap   total 61440K, used 42699K [0x0000000704e00000, 0x0000000800000000)
  region size 2048K, 18 young (36864K), 4 survivors (8192K)
 Metaspace       used 25588K, committed 25984K, reserved 1114112K
  class space    used 3314K, committed 3520K, reserved 1048576K
}
Event: 5.121 GC heap after
{Heap after GC invocations=5 (full 0):
 garbage-first heap   total 61440K, used 15964K [0x0000000704e00000, 0x0000000800000000)
  region size 2048K, 2 young (4096K), 2 survivors (4096K)
 Metaspace       used 25588K, committed 25984K, reserved 1114112K
  class space    used 3314K, committed 3520K, reserved 1048576K
}
Event: 6.741 GC heap before
{Heap before GC invocations=5 (full 0):
 garbage-first heap   total 61440K, used 38492K [0x0000000704e00000, 0x0000000800000000)
  region size 2048K, 13 young (26624K), 2 survivors (4096K)
 Metaspace       used 29833K, committed 30208K, reserved 1114112K
  class space    used 3901K, committed 4096K, reserved 1048576K
}
Event: 6.750 GC heap after
{Heap after GC invocations=6 (full 0):
 garbage-first heap   total 61440K, used 18416K [0x0000000704e00000, 0x0000000800000000)
  region size 2048K, 2 young (4096K), 2 survivors (4096K)
 Metaspace       used 29833K, committed 30208K, reserved 1114112K
  class space    used 3901K, committed 4096K, reserved 1048576K
}
Event: 8.380 GC heap before
{Heap before GC invocations=6 (full 0):
 garbage-first heap   total 61440K, used 38896K [0x0000000704e00000, 0x0000000800000000)
  region size 2048K, 13 young (26624K), 2 survivors (4096K)
 Metaspace       used 33521K, committed 33920K, reserved 1114112K
  class space    used 4386K, committed 4544K, reserved 1048576K
}
Event: 8.393 GC heap after
{Heap after GC invocations=7 (full 0):
 garbage-first heap   total 61440K, used 20278K [0x0000000704e00000, 0x0000000800000000)
  region size 2048K, 1 young (2048K), 1 survivors (2048K)
 Metaspace       used 33521K, committed 33920K, reserved 1114112K
  class space    used 4386K, committed 4544K, reserved 1048576K
}
Event: 9.146 GC heap before
{Heap before GC invocations=7 (full 0):
 garbage-first heap   total 61440K, used 24374K [0x0000000704e00000, 0x0000000800000000)
  region size 2048K, 5 young (10240K), 1 survivors (2048K)
 Metaspace       used 35542K, committed 35968K, reserved 1114112K
  class space    used 4704K, committed 4864K, reserved 1048576K
}
Event: 9.151 GC heap after
{Heap after GC invocations=8 (full 0):
 garbage-first heap   total 61440K, used 20074K [0x0000000704e00000, 0x0000000800000000)
  region size 2048K, 1 young (2048K), 1 survivors (2048K)
 Metaspace       used 35542K, committed 35968K, reserved 1114112K
  class space    used 4704K, committed 4864K, reserved 1048576K
}
Event: 11.126 GC heap before
{Heap before GC invocations=9 (full 0):
 garbage-first heap   total 61440K, used 42602K [0x0000000704e00000, 0x0000000800000000)
  region size 2048K, 13 young (26624K), 1 survivors (2048K)
 Metaspace       used 42115K, committed 42560K, reserved 1114112K
  class space    used 5637K, committed 5824K, reserved 1048576K
}
Event: 11.133 GC heap after
{Heap after GC invocations=10 (full 0):
 garbage-first heap   total 61440K, used 21774K [0x0000000704e00000, 0x0000000800000000)
  region size 2048K, 2 young (4096K), 2 survivors (4096K)
 Metaspace       used 42115K, committed 42560K, reserved 1114112K
  class space    used 5637K, committed 5824K, reserved 1048576K
}
Event: 12.688 GC heap before
{Heap before GC invocations=10 (full 0):
 garbage-first heap   total 61440K, used 44302K [0x0000000704e00000, 0x0000000800000000)
  region size 2048K, 13 young (26624K), 2 survivors (4096K)
 Metaspace       used 47158K, committed 47616K, reserved 1114112K
  class space    used 6252K, committed 6464K, reserved 1048576K
}
Event: 12.697 GC heap after
{Heap after GC invocations=11 (full 0):
 garbage-first heap   total 61440K, used 23053K [0x0000000704e00000, 0x0000000800000000)
  region size 2048K, 2 young (4096K), 2 survivors (4096K)
 Metaspace       used 47158K, committed 47616K, reserved 1114112K
  class space    used 6252K, committed 6464K, reserved 1048576K
}
Event: 14.231 GC heap before
{Heap before GC invocations=11 (full 0):
 garbage-first heap   total 61440K, used 45581K [0x0000000704e00000, 0x0000000800000000)
  region size 2048K, 13 young (26624K), 2 survivors (4096K)
 Metaspace       used 53122K, committed 53632K, reserved 1114112K
  class space    used 7318K, committed 7552K, reserved 1048576K
}
Event: 14.238 GC heap after
{Heap after GC invocations=12 (full 0):
 garbage-first heap   total 61440K, used 24156K [0x0000000704e00000, 0x0000000800000000)
  region size 2048K, 2 young (4096K), 2 survivors (4096K)
 Metaspace       used 53122K, committed 53632K, reserved 1114112K
  class space    used 7318K, committed 7552K, reserved 1048576K
}
Event: 15.920 GC heap before
{Heap before GC invocations=12 (full 0):
 garbage-first heap   total 61440K, used 46684K [0x0000000704e00000, 0x0000000800000000)
  region size 2048K, 13 young (26624K), 2 survivors (4096K)
 Metaspace       used 57886K, committed 58368K, reserved 1114112K
  class space    used 7962K, committed 8192K, reserved 1048576K
}
Event: 15.933 GC heap after
{Heap after GC invocations=13 (full 0):
 garbage-first heap   total 61440K, used 26131K [0x0000000704e00000, 0x0000000800000000)
  region size 2048K, 2 young (4096K), 2 survivors (4096K)
 Metaspace       used 57886K, committed 58368K, reserved 1114112K
  class space    used 7962K, committed 8192K, reserved 1048576K
}
Event: 16.527 GC heap before
{Heap before GC invocations=13 (full 0):
 garbage-first heap   total 61440K, used 34323K [0x0000000704e00000, 0x0000000800000000)
  region size 2048K, 7 young (14336K), 2 survivors (4096K)
 Metaspace       used 59588K, committed 60096K, reserved 1114112K
  class space    used 8210K, committed 8448K, reserved 1048576K
}
Event: 16.535 GC heap after
{Heap after GC invocations=14 (full 0):
 garbage-first heap   total 61440K, used 27002K [0x0000000704e00000, 0x0000000800000000)
  region size 2048K, 2 young (4096K), 2 survivors (4096K)
 Metaspace       used 59588K, committed 60096K, reserved 1114112K
  class space    used 8210K, committed 8448K, reserved 1048576K
}

Deoptimization events (20 events):
Event: 16.688 Thread 0x00000247667fe7a0 Uncommon trap: trap_request=0xffffff45 fr.pc=0x000002470f42ffd0 relative=0x0000000000000d70
Event: 16.688 Thread 0x00000247667fe7a0 Uncommon trap: reason=unstable_if action=reinterpret pc=0x000002470f42ffd0 method=sun.reflect.annotation.AnnotationInvocationHandler.invoke(Ljava/lang/Object;Ljava/lang/reflect/Method;[Ljava/lang/Object;)Ljava/lang/Object; @ 76 c2
Event: 16.688 Thread 0x00000247667fe7a0 DEOPT PACKING pc=0x000002470f42ffd0 sp=0x000000fd56cfa660
Event: 16.688 Thread 0x00000247667fe7a0 DEOPT UNPACKING pc=0x000002470ed65ba3 sp=0x000000fd56cfa630 mode 2
Event: 16.991 Thread 0x00000247667fe7a0 Uncommon trap: trap_request=0xffffffc6 fr.pc=0x000002470f5021a4 relative=0x00000000000006e4
Event: 16.991 Thread 0x00000247667fe7a0 Uncommon trap: reason=bimorphic_or_optimized_type_check action=maybe_recompile pc=0x000002470f5021a4 method=org.springframework.core.annotation.AnnotationsScanner.processClassHierarchy(Ljava/lang/Object;[ILjava/lang/Class;Lorg/springframework/core/annotat
Event: 16.991 Thread 0x00000247667fe7a0 DEOPT PACKING pc=0x000002470f5021a4 sp=0x000000fd56cfd630
Event: 16.991 Thread 0x00000247667fe7a0 DEOPT UNPACKING pc=0x000002470ed65ba3 sp=0x000000fd56cfd618 mode 2
Event: 16.993 Thread 0x00000247667fe7a0 Uncommon trap: trap_request=0xffffffc6 fr.pc=0x000002470f5021a4 relative=0x00000000000006e4
Event: 16.993 Thread 0x00000247667fe7a0 Uncommon trap: reason=bimorphic_or_optimized_type_check action=maybe_recompile pc=0x000002470f5021a4 method=org.springframework.core.annotation.AnnotationsScanner.processClassHierarchy(Ljava/lang/Object;[ILjava/lang/Class;Lorg/springframework/core/annotat
Event: 16.993 Thread 0x00000247667fe7a0 DEOPT PACKING pc=0x000002470f5021a4 sp=0x000000fd56cfd630
Event: 16.993 Thread 0x00000247667fe7a0 DEOPT UNPACKING pc=0x000002470ed65ba3 sp=0x000000fd56cfd618 mode 2
Event: 17.010 Thread 0x00000247667fe7a0 Uncommon trap: trap_request=0xffffffc6 fr.pc=0x000002470f5021a4 relative=0x00000000000006e4
Event: 17.010 Thread 0x00000247667fe7a0 Uncommon trap: reason=bimorphic_or_optimized_type_check action=maybe_recompile pc=0x000002470f5021a4 method=org.springframework.core.annotation.AnnotationsScanner.processClassHierarchy(Ljava/lang/Object;[ILjava/lang/Class;Lorg/springframework/core/annotat
Event: 17.010 Thread 0x00000247667fe7a0 DEOPT PACKING pc=0x000002470f5021a4 sp=0x000000fd56cfd630
Event: 17.010 Thread 0x00000247667fe7a0 DEOPT UNPACKING pc=0x000002470ed65ba3 sp=0x000000fd56cfd618 mode 2
Event: 17.012 Thread 0x00000247667fe7a0 Uncommon trap: trap_request=0xffffffc6 fr.pc=0x000002470f5021a4 relative=0x00000000000006e4
Event: 17.012 Thread 0x00000247667fe7a0 Uncommon trap: reason=bimorphic_or_optimized_type_check action=maybe_recompile pc=0x000002470f5021a4 method=org.springframework.core.annotation.AnnotationsScanner.processClassHierarchy(Ljava/lang/Object;[ILjava/lang/Class;Lorg/springframework/core/annotat
Event: 17.012 Thread 0x00000247667fe7a0 DEOPT PACKING pc=0x000002470f5021a4 sp=0x000000fd56cfd630
Event: 17.012 Thread 0x00000247667fe7a0 DEOPT UNPACKING pc=0x000002470ed65ba3 sp=0x000000fd56cfd618 mode 2

Classes unloaded (0 events):
No events

Classes redefined (0 events):
No events

Internal exceptions (20 events):
Event: 14.446 Thread 0x00000247667fe7a0 Exception <a 'java/lang/NoSuchMethodError'{0x0000000710b6ead8}: 'java.lang.Object java.lang.invoke.Invokers$Holder.linkToTargetMethod(java.lang.Object, java.lang.Object, java.lang.Object, java.lang.Object, java.lang.Object, java.lang.Object, int, java.lang.Object)'> (0x0000000710b6ead8) 
thrown [s\open\src\hotspot\share\interpreter\linkResolver.cpp, line 759]
Event: 14.518 Thread 0x00000247667fe7a0 Exception <a 'java/lang/NoSuchMethodError'{0x000000071085d9a8}: 'java.lang.Object java.lang.invoke.DirectMethodHandle$Holder.newInvokeSpecial(java.lang.Object, java.lang.Object, int, java.lang.Object, int, java.lang.Object, java.lang.Object)'> (0x000000071085d9a8) 
thrown [s\open\src\hotspot\share\interpreter\linkResolver.cpp, line 759]
Event: 14.543 Thread 0x00000247667fe7a0 Exception <a 'java/lang/NoSuchMethodError'{0x000000071089cd58}: 'void java.lang.invoke.DirectMethodHandle$Holder.invokeInterface(java.lang.Object, java.lang.Object)'> (0x000000071089cd58) 
thrown [s\open\src\hotspot\share\interpreter\linkResolver.cpp, line 759]
Event: 14.960 Thread 0x00000247667fe7a0 Exception <a 'java/lang/NoSuchMethodError'{0x0000000710509948}: 'java.lang.Object java.lang.invoke.DirectMethodHandle$Holder.invokeSpecial(java.lang.Object, java.lang.Object, int, java.lang.Object, int)'> (0x0000000710509948) 
thrown [s\open\src\hotspot\share\interpreter\linkResolver.cpp, line 759]
Event: 15.296 Thread 0x00000247667fe7a0 Exception <a 'java/lang/IncompatibleClassChangeError'{0x0000000707db50c0}: Found class java.lang.Object, but interface was expected> (0x0000000707db50c0) 
thrown [s\open\src\hotspot\share\interpreter\linkResolver.cpp, line 826]
Event: 15.319 Thread 0x00000247667fe7a0 Exception <a 'java/lang/IncompatibleClassChangeError'{0x0000000707a2f5c0}: Found class java.lang.Object, but interface was expected> (0x0000000707a2f5c0) 
thrown [s\open\src\hotspot\share\interpreter\linkResolver.cpp, line 826]
Event: 15.422 Thread 0x00000247667fe7a0 Exception <a 'java/lang/IncompatibleClassChangeError'{0x0000000707b8f940}: Found class java.lang.Object, but interface was expected> (0x0000000707b8f940) 
thrown [s\open\src\hotspot\share\interpreter\linkResolver.cpp, line 826]
Event: 15.991 Thread 0x00000247667fe7a0 Exception <a 'java/lang/IncompatibleClassChangeError'{0x00000007148ff940}: Found class java.lang.Object, but interface was expected> (0x00000007148ff940) 
thrown [s\open\src\hotspot\share\interpreter\linkResolver.cpp, line 826]
Event: 16.133 Thread 0x00000247667fe7a0 Exception <a 'java/lang/reflect/InvocationTargetException'{0x0000000710b3e7a8}> (0x0000000710b3e7a8) 
thrown [s\open\src\hotspot\share\runtime\reflection.cpp, line 1121]
Event: 16.156 Thread 0x00000247667fe7a0 Exception <a 'java/lang/NoSuchMethodError'{0x0000000710ba1130}: 'int java.lang.invoke.DirectMethodHandle$Holder.invokeStatic(java.lang.Object, java.lang.Object, int)'> (0x0000000710ba1130) 
thrown [s\open\src\hotspot\share\interpreter\linkResolver.cpp, line 759]
Event: 16.182 Thread 0x00000247667fe7a0 Exception <a 'java/lang/IncompatibleClassChangeError'{0x0000000710be62c0}: Found class java.lang.Object, but interface was expected> (0x0000000710be62c0) 
thrown [s\open\src\hotspot\share\interpreter\linkResolver.cpp, line 826]
Event: 16.351 Thread 0x00000247667fe7a0 Exception <a 'java/lang/reflect/InvocationTargetException'{0x00000007109c5518}> (0x00000007109c5518) 
thrown [s\open\src\hotspot\share\runtime\reflection.cpp, line 1121]
Event: 16.409 Thread 0x00000247667fe7a0 Exception <a 'java/lang/reflect/InvocationTargetException'{0x000000071070ee00}> (0x000000071070ee00) 
thrown [s\open\src\hotspot\share\runtime\reflection.cpp, line 1121]
Event: 16.418 Thread 0x00000247667fe7a0 Exception <a 'java/lang/reflect/InvocationTargetException'{0x000000071071fba8}> (0x000000071071fba8) 
thrown [s\open\src\hotspot\share\runtime\reflection.cpp, line 1121]
Event: 16.564 Thread 0x00000247667fe7a0 Exception <a 'java/lang/NoSuchMethodError'{0x000000071485acd0}: 'java.lang.Object java.lang.invoke.Invokers$Holder.invoker(java.lang.Object, java.lang.Object, java.lang.Object, java.lang.Object)'> (0x000000071485acd0) 
thrown [s\open\src\hotspot\share\interpreter\linkResolver.cpp, line 759]
Event: 16.566 Thread 0x00000247667fe7a0 Exception <a 'java/lang/NoSuchMethodError'{0x00000007148d9b18}: 'int java.lang.invoke.DirectMethodHandle$Holder.invokeSpecial(java.lang.Object, java.lang.Object, java.lang.Object, int)'> (0x00000007148d9b18) 
thrown [s\open\src\hotspot\share\interpreter\linkResolver.cpp, line 759]
Event: 16.568 Thread 0x00000247667fe7a0 Exception <a 'java/lang/NoSuchMethodError'{0x00000007148ebce0}: 'java.lang.Object java.lang.invoke.DirectMethodHandle$Holder.invokeStatic(java.lang.Object, java.lang.Object, java.lang.Object, java.lang.Object, int)'> (0x00000007148ebce0) 
thrown [s\open\src\hotspot\share\interpreter\linkResolver.cpp, line 759]
Event: 16.570 Thread 0x00000247667fe7a0 Exception <a 'java/lang/NoSuchMethodError'{0x00000007148f6468}: 'void java.lang.invoke.DelegatingMethodHandle$Holder.reinvoke_L(java.lang.Object, java.lang.Object, int)'> (0x00000007148f6468) 
thrown [s\open\src\hotspot\share\interpreter\linkResolver.cpp, line 759]
Event: 16.572 Thread 0x00000247667fe7a0 Exception <a 'java/lang/NoSuchMethodError'{0x0000000714904050}: 'java.lang.Object java.lang.invoke.Invokers$Holder.invokeExact_MT(java.lang.Object, java.lang.Object, java.lang.Object, java.lang.Object)'> (0x0000000714904050) 
thrown [s\open\src\hotspot\share\interpreter\linkResolver.cpp, line 759]
Event: 16.648 Thread 0x00000247667fe7a0 Exception <a 'java/lang/NoSuchMethodError'{0x0000000710a26810}: 'java.lang.Object java.lang.invoke.DirectMethodHandle$Holder.invokeInterface(java.lang.Object, java.lang.Object, java.lang.Object, java.lang.Object)'> (0x0000000710a26810) 
thrown [s\open\src\hotspot\share\interpreter\linkResolver.cpp, line 759]

VM Operations (20 events):
Event: 15.920 Executing VM operation: G1CollectForAllocation
Event: 15.933 Executing VM operation: G1CollectForAllocation done
Event: 16.024 Executing VM operation: HandshakeAllThreads
Event: 16.024 Executing VM operation: HandshakeAllThreads done
Event: 16.025 Executing VM operation: HandshakeAllThreads
Event: 16.025 Executing VM operation: HandshakeAllThreads done
Event: 16.527 Executing VM operation: CollectForMetadataAllocation
Event: 16.535 Executing VM operation: CollectForMetadataAllocation done
Event: 16.592 Executing VM operation: G1Concurrent
Event: 16.598 Executing VM operation: G1Concurrent done
Event: 16.636 Executing VM operation: G1Concurrent
Event: 16.636 Executing VM operation: G1Concurrent done
Event: 16.884 Executing VM operation: HandshakeAllThreads
Event: 16.885 Executing VM operation: HandshakeAllThreads done
Event: 16.923 Executing VM operation: HandshakeAllThreads
Event: 16.923 Executing VM operation: HandshakeAllThreads done
Event: 17.003 Executing VM operation: HandshakeAllThreads
Event: 17.004 Executing VM operation: HandshakeAllThreads done
Event: 17.004 Executing VM operation: HandshakeAllThreads
Event: 17.004 Executing VM operation: HandshakeAllThreads done

Events (20 events):
Event: 16.563 loading class jdk/internal/access/JavaxCryptoSealedObjectAccess
Event: 16.563 loading class jdk/internal/access/JavaxCryptoSealedObjectAccess done
Event: 16.565 loading class sun/invoke/util/ValueConversions$1
Event: 16.566 loading class sun/invoke/util/ValueConversions$1 done
Event: 16.566 loading class java/lang/invoke/BoundMethodHandle$Species_LI
Event: 16.566 loading class java/lang/invoke/BoundMethodHandle$Species_LI done
Event: 16.573 loading class sun/nio/ch/Interruptible
Event: 16.573 loading class sun/nio/ch/Interruptible done
Event: 16.574 loading class jdk/internal/reflect/ConstantPool$Tag
Event: 16.574 loading class jdk/internal/reflect/ConstantPool$Tag done
Event: 16.687 loading class java/time/DurationEditor
Event: 16.687 loading class java/time/DurationEditor done
Event: 16.794 loading class java/nio/charset/UnsupportedCharsetException
Event: 16.794 loading class java/nio/charset/UnsupportedCharsetException done
Event: 16.883 loading class java/util/ArrayList$ListItr
Event: 16.884 loading class java/util/ArrayList$ListItr done
Event: 16.971 loading class java/util/Comparators$NullComparator
Event: 16.971 loading class java/util/Comparators$NullComparator done
Event: 17.032 loading class sun/reflect/annotation/TypeAnnotation$TypeAnnotationTargetInfo
Event: 17.032 loading class sun/reflect/annotation/TypeAnnotation$TypeAnnotationTargetInfo done


Dynamic libraries:
0x00007ff651e10000 - 0x00007ff651e20000 	C:\Program Files\Java\jdk-17\bin\java.exe
0x00007ffd61150000 - 0x00007ffd61348000 	C:\Windows\SYSTEM32\ntdll.dll
0x00007ffd25eb0000 - 0x00007ffd25ec9000 	C:\Program Files\Avast Software\Avast\aswhook.dll
0x00007ffd5f2a0000 - 0x00007ffd5f35d000 	C:\Windows\System32\KERNEL32.DLL
0x00007ffd5e920000 - 0x00007ffd5ec16000 	C:\Windows\System32\KERNELBASE.dll
0x00007ffd5f080000 - 0x00007ffd5f180000 	C:\Windows\System32\ucrtbase.dll
0x00007ffd5cbf0000 - 0x00007ffd5cc0b000 	C:\Program Files\Java\jdk-17\bin\VCRUNTIME140.dll
0x00007ffd5cc10000 - 0x00007ffd5cc29000 	C:\Program Files\Java\jdk-17\bin\jli.dll
0x00007ffd605c0000 - 0x00007ffd60670000 	C:\Windows\System32\ADVAPI32.dll
0x00007ffd60fc0000 - 0x00007ffd6105e000 	C:\Windows\System32\msvcrt.dll
0x00007ffd603c0000 - 0x00007ffd60460000 	C:\Windows\System32\sechost.dll
0x00007ffd60230000 - 0x00007ffd60353000 	C:\Windows\System32\RPCRT4.dll
0x00007ffd5ed80000 - 0x00007ffd5eda7000 	C:\Windows\System32\bcrypt.dll
0x00007ffd5ff40000 - 0x00007ffd600df000 	C:\Windows\System32\USER32.dll
0x00007ffd5ee40000 - 0x00007ffd5ee62000 	C:\Windows\System32\win32u.dll
0x00007ffd5dcc0000 - 0x00007ffd5df5a000 	C:\Windows\WinSxS\amd64_microsoft.windows.common-controls_6595b64144ccf1df_6.0.19041.3636_none_60b6a03d71f818d5\COMCTL32.dll
0x00007ffd60910000 - 0x00007ffd6093b000 	C:\Windows\System32\GDI32.dll
0x00007ffd5e800000 - 0x00007ffd5e917000 	C:\Windows\System32\gdi32full.dll
0x00007ffd5ef70000 - 0x00007ffd5f00d000 	C:\Windows\System32\msvcp_win.dll
0x00007ffd5b5e0000 - 0x00007ffd5b5ea000 	C:\Windows\SYSTEM32\VERSION.dll
0x00007ffd60e50000 - 0x00007ffd60e82000 	C:\Windows\System32\IMM32.DLL
0x00007ffd5e1a0000 - 0x00007ffd5e1ac000 	C:\Program Files\Java\jdk-17\bin\vcruntime140_1.dll
0x00007ffd386a0000 - 0x00007ffd3872e000 	C:\Program Files\Java\jdk-17\bin\msvcp140.dll
0x00007ffcf4ed0000 - 0x00007ffcf5aaf000 	C:\Program Files\Java\jdk-17\bin\server\jvm.dll
0x00007ffd60e40000 - 0x00007ffd60e48000 	C:\Windows\System32\PSAPI.DLL
0x00007ffd4f5f0000 - 0x00007ffd4f617000 	C:\Windows\SYSTEM32\WINMM.dll
0x00007ffd415b0000 - 0x00007ffd415b9000 	C:\Windows\SYSTEM32\WSOCK32.dll
0x00007ffd600f0000 - 0x00007ffd6015b000 	C:\Windows\System32\WS2_32.dll
0x00007ffd5b8c0000 - 0x00007ffd5b8d2000 	C:\Windows\SYSTEM32\kernel.appcore.dll
0x00007ffd5cbe0000 - 0x00007ffd5cbea000 	C:\Program Files\Java\jdk-17\bin\jimage.dll
0x00007ffd5e210000 - 0x00007ffd5e3f4000 	C:\Windows\SYSTEM32\DBGHELP.DLL
0x00007ffd5e150000 - 0x00007ffd5e184000 	C:\Windows\SYSTEM32\dbgcore.DLL
0x00007ffd5edb0000 - 0x00007ffd5ee32000 	C:\Windows\System32\bcryptPrimitives.dll
0x00007ffd5ca70000 - 0x00007ffd5ca7e000 	C:\Program Files\Java\jdk-17\bin\instrument.dll
0x00007ffd5ca80000 - 0x00007ffd5caa5000 	C:\Program Files\Java\jdk-17\bin\java.dll
0x00007ffd38050000 - 0x00007ffd38127000 	C:\Program Files\Java\jdk-17\bin\jsvml.dll
0x00007ffd5f360000 - 0x00007ffd5facb000 	C:\Windows\System32\SHELL32.dll
0x00007ffd5ba50000 - 0x00007ffd5c1ee000 	C:\Windows\SYSTEM32\windows.storage.dll
0x00007ffd60940000 - 0x00007ffd60c93000 	C:\Windows\System32\combase.dll
0x00007ffd5da50000 - 0x00007ffd5da7e000 	C:\Windows\SYSTEM32\Wldp.dll
0x00007ffd604f0000 - 0x00007ffd605bd000 	C:\Windows\System32\OLEAUT32.dll
0x00007ffd61060000 - 0x00007ffd6110d000 	C:\Windows\System32\SHCORE.dll
0x00007ffd60d00000 - 0x00007ffd60d55000 	C:\Windows\System32\shlwapi.dll
0x00007ffd5e730000 - 0x00007ffd5e753000 	C:\Windows\SYSTEM32\profapi.dll
0x00007ffd56e30000 - 0x00007ffd56e48000 	C:\Program Files\Java\jdk-17\bin\zip.dll
0x00007ffd5cbc0000 - 0x00007ffd5cbd9000 	C:\Program Files\Java\jdk-17\bin\net.dll
0x00007ffd55ce0000 - 0x00007ffd55dea000 	C:\Windows\SYSTEM32\WINHTTP.dll
0x00007ffd5d830000 - 0x00007ffd5d89a000 	C:\Windows\system32\mswsock.dll
0x00007ffd5cb70000 - 0x00007ffd5cb86000 	C:\Program Files\Java\jdk-17\bin\nio.dll
0x00007ffd534b0000 - 0x00007ffd534ca000 	C:\Program Files\JetBrains\IntelliJ IDEA Community Edition 2020.3.2\bin\breakgen64.dll
0x00007ffd56e20000 - 0x00007ffd56e2a000 	C:\Program Files\Java\jdk-17\bin\management.dll
0x00007ffd56cb0000 - 0x00007ffd56cbb000 	C:\Program Files\Java\jdk-17\bin\management_ext.dll
0x00007ffd564e0000 - 0x00007ffd564ee000 	C:\Program Files\Java\jdk-17\bin\sunmscapi.dll
0x00007ffd5ec20000 - 0x00007ffd5ed7e000 	C:\Windows\System32\CRYPT32.dll
0x00007ffd5dba0000 - 0x00007ffd5dbc8000 	C:\Windows\SYSTEM32\ncrypt.dll
0x00007ffd5db60000 - 0x00007ffd5db9b000 	C:\Windows\SYSTEM32\NTASN1.dll
0x00007ffd5e570000 - 0x00007ffd5e588000 	C:\Windows\SYSTEM32\CRYPTSP.dll
0x00007ffd5d1d0000 - 0x00007ffd5d204000 	C:\Windows\system32\rsaenh.dll
0x00007ffd5e6b0000 - 0x00007ffd5e6de000 	C:\Windows\SYSTEM32\USERENV.dll
0x00007ffd5d9c0000 - 0x00007ffd5d9cc000 	C:\Windows\SYSTEM32\CRYPTBASE.dll
0x00007ffd5d530000 - 0x00007ffd5d56b000 	C:\Windows\SYSTEM32\IPHLPAPI.DLL
0x00007ffd600e0000 - 0x00007ffd600e8000 	C:\Windows\System32\NSI.dll
0x00007ffd53f80000 - 0x00007ffd53f97000 	C:\Windows\SYSTEM32\dhcpcsvc6.DLL
0x00007ffd53f60000 - 0x00007ffd53f7d000 	C:\Windows\SYSTEM32\dhcpcsvc.DLL
0x00007ffd5d570000 - 0x00007ffd5d63b000 	C:\Windows\SYSTEM32\DNSAPI.dll
0x00007ffd5cba0000 - 0x00007ffd5cbb0000 	C:\Program Files\Java\jdk-17\bin\verify.dll
0x0000000063560000 - 0x0000000063569000 	C:\Program Files\National Instruments\Shared\mDNS Responder\nimdnsNSP.dll
0x0000000063550000 - 0x000000006355e000 	C:\Windows\SYSTEM32\nimdnsResponder.dll
0x000000006fbc0000 - 0x000000006fc63000 	C:\Windows\WinSxS\amd64_microsoft.vc90.crt_1fc8b3b9a1e18e3b_9.0.30729.9625_none_08e1c10da83fbc83\MSVCR90.dll
0x00007ffd52560000 - 0x00007ffd5256a000 	C:\Windows\System32\rasadhlp.dll
0x00007ffd51320000 - 0x00007ffd513a0000 	C:\Windows\System32\fwpuclnt.dll

dbghelp: loaded successfully - version: 4.0.5 - missing functions: none
symbol engine: initialized successfully - sym options: 0x614 - pdb path: .;C:\Program Files\Java\jdk-17\bin;C:\Windows\SYSTEM32;C:\Program Files\Avast Software\Avast;C:\Windows\WinSxS\amd64_microsoft.windows.common-controls_6595b64144ccf1df_6.0.19041.3636_none_60b6a03d71f818d5;C:\Program Files\Java\jdk-17\bin\server;C:\Program Files\JetBrains\IntelliJ IDEA Community Edition 2020.3.2\bin;C:\Program Files\National Instruments\Shared\mDNS Responder;C:\Windows\WinSxS\amd64_microsoft.vc90.crt_1fc8b3b9a1e18e3b_9.0.30729.9625_none_08e1c10da83fbc83

VM Arguments:
jvm_args: -javaagent:C:\Program Files\JetBrains\IntelliJ IDEA Community Edition 2020.3.2\lib\idea_rt.jar=57757:C:\Program Files\JetBrains\IntelliJ IDEA Community Edition 2020.3.2\bin -Dfile.encoding=UTF-8 
java_command: com.kindergarten.kindergarten.KindergartenApplication
java_class_path (initial): C:\Users\Gabito\IdeaProjects\Diplom\kindergarten\target\classes;C:\Users\Gabito\.m2\repository\org\springframework\boot\spring-boot-starter-data-jpa\3.2.5\spring-boot-starter-data-jpa-3.2.5.jar;C:\Users\Gabito\.m2\repository\org\springframework\boot\spring-boot-starter-aop\3.2.5\spring-boot-starter-aop-3.2.5.jar;C:\Users\Gabito\.m2\repository\org\aspectj\aspectjweaver\1.9.22\aspectjweaver-1.9.22.jar;C:\Users\Gabito\.m2\repository\org\springframework\boot\spring-boot-starter-jdbc\3.2.5\spring-boot-starter-jdbc-3.2.5.jar;C:\Users\Gabito\.m2\repository\com\zaxxer\HikariCP\5.0.1\HikariCP-5.0.1.jar;C:\Users\Gabito\.m2\repository\org\springframework\spring-jdbc\6.1.6\spring-jdbc-6.1.6.jar;C:\Users\Gabito\.m2\repository\org\hibernate\orm\hibernate-core\6.4.4.Final\hibernate-core-6.4.4.Final.jar;C:\Users\Gabito\.m2\repository\jakarta\persistence\jakarta.persistence-api\3.1.0\jakarta.persistence-api-3.1.0.jar;C:\Users\Gabito\.m2\repository\jakarta\transaction\jakarta.transaction-api\2.0.1\jakarta.transaction-api-2.0.1.jar;C:\Users\Gabito\.m2\repository\org\hibernate\common\hibernate-commons-annotations\6.0.6.Final\hibernate-commons-annotations-6.0.6.Final.jar;C:\Users\Gabito\.m2\repository\io\smallrye\jandex\3.1.2\jandex-3.1.2.jar;C:\Users\Gabito\.m2\repository\net\bytebuddy\byte-buddy\1.14.13\byte-buddy-1.14.13.jar;C:\Users\Gabito\.m2\repository\org\glassfish\jaxb\jaxb-runtime\4.0.5\jaxb-runtime-4.0.5.jar;C:\Users\Gabito\.m2\repository\org\glassfish\jaxb\jaxb-core\4.0.5\jaxb-core-4.0.5.jar;C:\Users\Gabito\.m2\repository\org\eclipse\angus\angus-activation\2.0.2\angus-activation-2.0.2.jar;C:\Users\Gabito\.m2\repository\org\glassfish\jaxb\txw2\4.0.5\txw2-4.0.5.jar;C:\Users\Gabito\.m2\repository\com\sun\istack\istack-commons-runtime\4.1.2\istack-commons-runtime-4.1.2.jar;C:\Users\Gabito\.m2\repository\jakarta\inject\jakarta.inject-api\2.0.1\jakarta.inject-api-2.0.1.jar;C:\Users\Gabito\.m2\repository\org\antlr\antlr4-runtime\4.13.0\antlr4-runtime-4.1
Launcher Type: SUN_STANDARD

[Global flags]
     intx CICompilerCount                          = 4                                         {product} {ergonomic}
     uint ConcGCThreads                            = 2                                         {product} {ergonomic}
     uint G1ConcRefinementThreads                  = 8                                         {product} {ergonomic}
   size_t G1HeapRegionSize                         = 2097152                                   {product} {ergonomic}
    uintx GCDrainStackTargetSize                   = 64                                        {product} {ergonomic}
   size_t InitialHeapSize                          = 264241152                                 {product} {ergonomic}
   size_t MarkStackSize                            = 4194304                                   {product} {ergonomic}
   size_t MaxHeapSize                              = 4213178368                                {product} {ergonomic}
   size_t MaxNewSize                               = 2527068160                                {product} {ergonomic}
   size_t MinHeapDeltaBytes                        = 2097152                                   {product} {ergonomic}
   size_t MinHeapSize                              = 8388608                                   {product} {ergonomic}
    uintx NonNMethodCodeHeapSize                   = 5839372                                {pd product} {ergonomic}
    uintx NonProfiledCodeHeapSize                  = 122909434                              {pd product} {ergonomic}
    uintx ProfiledCodeHeapSize                     = 122909434                              {pd product} {ergonomic}
    uintx ReservedCodeCacheSize                    = 251658240                              {pd product} {ergonomic}
     bool SegmentedCodeCache                       = true                                      {product} {ergonomic}
   size_t SoftMaxHeapSize                          = 4213178368                             {manageable} {ergonomic}
     bool UseCompressedClassPointers               = true                           {product lp64_product} {ergonomic}
     bool UseCompressedOops                        = true                           {product lp64_product} {ergonomic}
     bool UseG1GC                                  = true                                      {product} {ergonomic}
     bool UseLargePagesIndividualAllocation        = false                                  {pd product} {ergonomic}

Logging:
Log output configuration:
 #0: stdout all=warning uptime,level,tags
 #1: stderr all=off uptime,level,tags

Environment Variables:
JAVA_HOME=C:\Program Files\Java\jdk-17
PATH=C:\Program Files\Java\jdk-17\bin;C:\Program Files (x86)\NVIDIA Corporation\PhysX\Common;C:\Program Files\Common Files\Oracle\Java\javapath;C:\Program Files (x86)\Common Files\Oracle\Java\javapath;C:\Windows\system32;C:\Windows;C:\Windows\System32\Wbem;C:\Windows\System32\WindowsPowerShell\v1.0\;C:\Windows\System32\OpenSSH\;C:\Program Files (x86)\Windows Kits\8.1\Windows Performance Toolkit\;C:\Program Files\mingw-w64\x86_64-8.1.0-posix-seh-rt_v6-rev0\mingw64\bin;C:\Program Files\Git\cmd;C:\Program Files\PostgreSQL\14\bin;C:\Program Files\PostgreSQL\14\lib;C:\Program Files\MySQL\MySQL Server 8.0\bin;C:\Program Files\dotnet\;C:\Program Files (x86)\Microsoft SQL Server\160\Tools\Binn\;C:\Program Files\Microsoft SQL Server\160\Tools\Binn\;C:\Program Files\Microsoft SQL Server\Client SDK\ODBC\170\Tools\Binn\;C:\Program Files\Microsoft SQL Server\160\DTS\Binn\;C:\Program Files\Docker\Docker\resources\bin;C:\Users\Gabito\AppData\Local\Microsoft\WindowsApps;C:\Users\Gabito\AppData\Local\Programs\Microsoft VS Code\bin;C:\Program Files\mingw-w64\x86_64-8.1.0-posix-seh-rt_v6-rev0\mingw64\bin;C:\Maven\apache-maven-3.8.4-bin\apache-maven-3.8.4\bin;;C:\Program Files\liquibase;C:\Users\Gabito\.dotnet\tools
USERNAME=Gabito
OS=Windows_NT
PROCESSOR_IDENTIFIER=Intel64 Family 6 Model 140 Stepping 1, GenuineIntel



---------------  S Y S T E M  ---------------

OS:
 Windows 10 , 64 bit Build 19041 (10.0.19041.3636)
OS uptime: 2 days 9:28 hours
Hyper-V role detected

CPU: total 8 (initial active 8) (4 cores per cpu, 2 threads per core) family 6 model 140 stepping 1 microcode 0xb6, cx8, cmov, fxsr, ht, mmx, 3dnowpref, sse, sse2, sse3, ssse3, sse4.1, sse4.2, popcnt, lzcnt, tsc, tscinvbit, avx, avx2, aes, erms, clmul, bmi1, bmi2, adx, avx512f, avx512dq, avx512cd, avx512bw, avx512vl, sha, fma, vzeroupper, avx512_vpopcntdq, avx512_vpclmulqdq, avx512_vaes, avx512_vnni, clflush, clflushopt, clwb, avx512_vbmi2, avx512_vbmi, hv

Memory: 4k page, system-wide physical 16064M (1358M free)
TotalPageFile size 24256M (AvailPageFile size 9M)
current process WorkingSet (physical memory assigned to process): 270M, peak: 273M
current process commit charge ("private bytes"): 310M, peak: 411M

vm_info: Java HotSpot(TM) 64-Bit Server VM (17.0.10+11-LTS-240) for windows-amd64 JRE (17.0.10+11-LTS-240), built on Dec 19 2023 21:47:25 by "mach5one" with MS VC++ 17.1 (VS2022)

END.
